[2025-06-09 12:24:43] Підключення до бази даних успішне!
[2025-06-09 12:24:43] Перевірка користувача в базі даних...
[2025-06-09 12:24:43] Користувач +48572245574 знайдений
[2025-06-09 12:24:43] Збереження коду в базі даних...
[2025-06-09 12:24:43] Код успішно збережено, додано рядків: 1
[2025-06-09 12:24:43] Перевірка: Код знайдено в базі: {"id":55,"phone":"+48572245574","code":"897718","created_at":"2025-06-09 12:24:43"}
[2025-06-09 12:24:43] Відправка SMS...
[2025-06-09 12:24:43] Помилка відправлення SMS: Invalid from field
[2025-06-09 12:24:43] Помилка в /api/send-sms: Invalid from field
[2025-06-09 12:26:04] Підключення до бази даних успішне!
[2025-06-09 12:26:04] Перевірка користувача в базі даних...
[2025-06-09 12:26:04] Користувач +48572245574 знайдений
[2025-06-09 12:26:04] Збереження коду в базі даних...
[2025-06-09 12:26:04] Код успішно збережено, додано рядків: 1
[2025-06-09 12:26:04] Перевірка: Код знайдено в базі: {"id":56,"phone":"+48572245574","code":"778759","created_at":"2025-06-09 12:26:04"}
[2025-06-09 12:26:04] Відправка SMS...
[2025-06-09 12:26:04] Помилка відправлення SMS: Invalid from field
[2025-06-09 12:26:04] Помилка в /api/send-sms: Invalid from field
[2025-06-09 12:51:44] Підключення до бази даних успішне!
[2025-06-09 12:51:44] Перевірка користувача в базі даних...
[2025-06-09 12:51:44] Користувач +48572245574 знайдений
[2025-06-09 12:51:44] Збереження коду в базі даних...
[2025-06-09 12:51:44] Код успішно збережено, додано рядків: 1
[2025-06-09 12:51:44] Перевірка: Код знайдено в базі: {"id":57,"phone":"+48572245574","code":"542813","created_at":"2025-06-09 12:51:44"}
[2025-06-09 12:51:44] Відправка SMS...
[2025-06-09 12:51:44] Помилка відправлення SMS: Invalid from field
[2025-06-09 12:51:44] Помилка в /api/send-sms: Invalid from field
[2025-06-09 12:54:40] Підключення до бази даних успішне!
[2025-06-09 12:54:40] Перевірка користувача в базі даних...
[2025-06-09 12:54:40] Користувач +48572245574 знайдений
[2025-06-09 12:54:40] Збереження коду в базі даних...
[2025-06-09 12:54:40] Код успішно збережено, додано рядків: 1
[2025-06-09 12:54:40] Перевірка: Код знайдено в базі: {"id":58,"phone":"+48572245574","code":"185304","created_at":"2025-06-09 12:54:40"}
[2025-06-09 12:54:40] Відправка SMS...
[2025-06-09 12:54:40] SMS надіслано на +48572245574, код: 185304, userExists: true
[2025-06-09 12:55:03] Підключення до бази даних успішне!
[2025-06-09 12:55:03] Перевірка коду в базі даних...
[2025-06-09 12:55:03] Видалення коду з бази даних...
[2025-06-09 12:55:03] Код видалено
[2025-06-09 12:55:03] Перевірка користувача...
[2025-06-09 12:55:03] Користувач уже існує: +48572245574
[2025-06-09 12:55:03] Оновлено last_login для користувача: +48572245574
[2025-06-09 12:56:50] Підключення до бази даних успішне!
[2025-06-09 12:56:50] Отримуємо знижки для type: regular
[2025-06-09 12:56:50] Знайдено знижок: 10
[2025-06-09 12:56:50] Підключення до бази даних успішне!
[2025-06-09 12:56:50] Отримуємо промокоди, знайдено: 5
[2025-06-09 12:57:25] Підключення до бази даних успішне!
[2025-06-09 12:57:25] Вхідні дані для створення замовлення: {"order_type":"quick_order","total_price":194.9,"city":"Warszawa","address":{"street":"dfdfdf","house_number":"dfdfdfdf"},"client_info":{"name":"dfdfdf","phone":"dfdfdf","email":"test67@gmail.com","additional_info":"dfdfdfdfdfd"},"payment_status":"pending","selected_date":"2025-06-20","selected_time":"11:00","cleaning_category":"standard","rooms":1,"bathrooms":1}
[2025-06-09 12:57:25] Дані client_info: {"name":"dfdfdf","phone":"dfdfdf","email":"test67@gmail.com","additional_info":"dfdfdfdfdfd"}
[2025-06-09 12:57:25] Витягнуті значення: clientName=dfdfdf, clientPhone=dfdfdf, clientEmail=test67@gmail.com, clientType=, companyName=, nip=, vatInfo=null
[2025-06-09 12:57:25] Перевірка користувача: normalized_phone=, email=test67@gmail.com
[2025-06-09 12:57:26] Користувач із normalized_phone= або email=test67@gmail.com уже існує, user_id=47
[2025-06-09 12:57:26] Оновлено ім'я користувача з id 47: name=dfdfdf
[2025-06-09 12:57:26] Тип замовлення: standard
[2025-06-09 12:57:26] Поля замовлення: rooms=1, bathrooms=1, kitchen=null, kitchen_annex=null, vacuum_needed=null, selected_services=null, cleaning_frequency=null, selected_date=2025-06-20, selected_time=11:00, order_date=2025-06-20 11:00:00, details=null
[2025-06-09 12:57:26] SQL-запит для створення замовлення: INSERT INTO orders (order_type, total_price, city, address, client_info, payment_status, status, created_at, user_id, client_type, order_date, rooms, bathrooms, selected_date, selected_time) VALUES (?, ?, ?, ?, ?, ?, ?, ?, ?, ?, ?, ?, ?, ?, ?)
[2025-06-09 12:57:26] Замовлення створено з ID: 77
[2025-06-09 12:57:26] Підключення до бази даних успішне!
[2025-06-09 12:57:26] Платіж створено, redirectUri: https://secure.payu.com/pay/?orderId=THL674J664250609GUEST000P01&token=eyJhbGciOiJIUzI1NiJ9.eyJvcmRlcklkIjoiVEhMNjc0SjY2NDI1MDYwOUdVRVNUMDAwUDAxIiwicG9zSWQiOiJNWHBwekptZCIsImF1dGhvcml0aWVzIjpbIlJPTEVfQ0xJRU5UIl0sInBheWVyRW1haWwiOiJ0ZXN0NjdAZ21haWwuY29tIiwiZXhwIjoxNzQ5NTUzMDQ2LCJpc3MiOiJQQVlVIiwiYXVkIjoiYXBpLWdhdGV3YXkiLCJzdWIiOiJQYXlVIHN1YmplY3QiLCJqdGkiOiI0NGFjNzlhYS1hMDMwLTRmZjQtYmQ2Ni0xYjdlMjI3OTc1NTkifQ.97f7_MH0S6k4jiwxgH7x3JqjCtq6ALtD1JYeZZwpGO0
