[2025-05-19 10:38:16] Підключення до бази даних успішне!
[2025-05-19 10:38:16] Admin admin увійшов
[2025-05-19 10:38:22] Підключення до бази даних успішне!
[2025-05-19 10:38:22] Отримуємо знижки для type: regular
[2025-05-19 10:38:22] Знайдено знижок: 3
[2025-05-19 10:38:27] Підключення до бази даних успішне!
[2025-05-19 10:38:27] Отримані дані для знижки: date=2025-05-31, percentage=20, type=regular
[2025-05-19 10:38:27] Додаємо знижку 20% на 2025-05-31 для type: regular
[2025-05-19 10:38:27] Знижки немає, додаємо нову
[2025-05-19 10:38:27] Додано рядків: 1
[2025-05-19 10:38:27] Перевірка: Знижка знайдена в базі: date=2025-05-31, percentage=20, type=regular
[2025-05-19 10:38:27] Підключення до бази даних успішне!
[2025-05-19 10:38:27] Отримуємо знижки для type: regular
[2025-05-19 10:38:27] Знайдено знижок: 4
[2025-05-19 10:38:31] Підключення до бази даних успішне!
[2025-05-19 10:38:31] Отримуємо список користувачів: query=SELECT * FROM users ORDER BY created_at DESC
[2025-05-19 10:38:31] Знайдено користувачів: 5
[2025-05-19 10:38:31] Підключення до бази даних успішне!
[2025-05-19 10:38:31] Помилка при отриманні статистики: SQLSTATE[42S22]: Column not found: 1054 Unknown column 'user_id' in 'SELECT'
[2025-05-19 10:38:31] Підключення до бази даних успішне!
[2025-05-19 10:38:31] Отримуємо список замовлень: query=SELECT o.*, u.name, u.phone FROM orders o LEFT JOIN users u ON o.user_id = u.id ORDER BY o.order_date DESC
[2025-05-19 10:38:31] Помилка при отриманні замовлень: SQLSTATE[42S22]: Column not found: 1054 Unknown column 'o.user_id' in 'ON'
[2025-05-19 10:38:31] Підключення до бази даних успішне!
[2025-05-19 10:38:31] Отримуємо список користувачів: query=SELECT * FROM users ORDER BY created_at DESC
[2025-05-19 10:38:31] Знайдено користувачів: 5
[2025-05-19 10:38:32] Підключення до бази даних успішне!
[2025-05-19 10:38:32] Отримуємо список замовлень: query=SELECT o.*, u.name, u.phone FROM orders o LEFT JOIN users u ON o.user_id = u.id ORDER BY o.order_date DESC
[2025-05-19 10:38:32] Помилка при отриманні замовлень: SQLSTATE[42S22]: Column not found: 1054 Unknown column 'o.user_id' in 'ON'
[2025-05-19 10:38:32] Підключення до бази даних успішне!
[2025-05-19 10:38:32] Помилка при отриманні статистики: SQLSTATE[42S22]: Column not found: 1054 Unknown column 'user_id' in 'SELECT'
[2025-05-19 10:38:46] Підключення до бази даних успішне!
[2025-05-19 10:38:46] Отримуємо список користувачів: query=SELECT * FROM users ORDER BY created_at DESC
[2025-05-19 10:38:46] Знайдено користувачів: 5
[2025-05-19 10:38:46] Підключення до бази даних успішне!
[2025-05-19 10:38:46] Помилка при отриманні статистики: SQLSTATE[42S22]: Column not found: 1054 Unknown column 'user_id' in 'SELECT'
[2025-05-19 10:38:46] Підключення до бази даних успішне!
[2025-05-19 10:38:46] Отримуємо список замовлень: query=SELECT o.*, u.name, u.phone FROM orders o LEFT JOIN users u ON o.user_id = u.id ORDER BY o.order_date DESC
[2025-05-19 10:38:46] Помилка при отриманні замовлень: SQLSTATE[42S22]: Column not found: 1054 Unknown column 'o.user_id' in 'ON'
[2025-05-19 10:38:46] Підключення до бази даних успішне!
[2025-05-19 10:38:46] Отримуємо список користувачів: query=SELECT * FROM users ORDER BY created_at DESC
[2025-05-19 10:38:47] Знайдено користувачів: 5
[2025-05-19 10:38:47] Підключення до бази даних успішне!
[2025-05-19 10:38:47] Отримуємо список замовлень: query=SELECT o.*, u.name, u.phone FROM orders o LEFT JOIN users u ON o.user_id = u.id ORDER BY o.order_date DESC
[2025-05-19 10:38:47] Помилка при отриманні замовлень: SQLSTATE[42S22]: Column not found: 1054 Unknown column 'o.user_id' in 'ON'
[2025-05-19 10:38:47] Підключення до бази даних успішне!
[2025-05-19 10:38:47] Помилка при отриманні статистики: SQLSTATE[42S22]: Column not found: 1054 Unknown column 'user_id' in 'SELECT'
[2025-05-19 10:38:51] Підключення до бази даних успішне!
[2025-05-19 10:38:51] Отримуємо список користувачів: query=SELECT * FROM users ORDER BY created_at DESC
[2025-05-19 10:38:51] Знайдено користувачів: 5
[2025-05-19 10:38:55] Підключення до бази даних успішне!
[2025-05-19 10:38:55] Отримуємо знижки для type: regular
[2025-05-19 10:38:55] Знайдено знижок: 4
[2025-05-19 10:38:57] Підключення до бази даних успішне!
[2025-05-19 10:38:57] Отримуємо знижки для type: window-cleaning
[2025-05-19 10:38:57] Знайдено знижок: 2
[2025-05-19 10:38:58] Підключення до бази даних успішне!
[2025-05-19 10:38:58] Отримуємо знижки для type: office-cleaning
[2025-05-19 10:38:58] Знайдено знижок: 0
[2025-05-19 10:38:59] Підключення до бази даних успішне!
[2025-05-19 10:38:59] Отримуємо знижки для type: private-house
[2025-05-19 10:38:59] Знайдено знижок: 2
[2025-05-19 10:41:53] Підключення до бази даних успішне!
[2025-05-19 10:41:53] Отримуємо знижки для type: post-renovation
[2025-05-19 10:41:53] Знайдено знижок: 1
[2025-05-19 10:41:54] Підключення до бази даних успішне!
[2025-05-19 10:41:54] Отримуємо знижки для type: window-cleaning
[2025-05-19 10:41:54] Знайдено знижок: 2
[2025-05-19 10:41:56] Підключення до бази даних успішне!
[2025-05-19 10:41:56] Отримуємо знижки для type: office-cleaning
[2025-05-19 10:41:56] Знайдено знижок: 0
[2025-05-19 10:41:57] Підключення до бази даних успішне!
[2025-05-19 10:41:57] Отримуємо знижки для type: private-house
[2025-05-19 10:41:57] Знайдено знижок: 2
[2025-05-19 10:41:58] Підключення до бази даних успішне!
[2025-05-19 10:41:58] Отримуємо знижки для type: regular
[2025-05-19 10:41:58] Знайдено знижок: 4
[2025-05-19 10:42:00] Підключення до бази даних успішне!
[2025-05-19 10:42:00] Отримуємо знижки для type: office-cleaning
[2025-05-19 10:42:00] Знайдено знижок: 0
[2025-05-19 10:42:42] Підключення до бази даних успішне!
[2025-05-19 10:42:42] Отримуємо знижки для type: window-cleaning
[2025-05-19 10:42:42] Знайдено знижок: 2
[2025-05-19 10:43:00] Підключення до бази даних успішне!
[2025-05-19 10:43:00] Отримуємо знижки для type: window-cleaning
[2025-05-19 10:43:00] Знайдено знижок: 2
[2025-05-19 10:43:03] Підключення до бази даних успішне!
[2025-05-19 10:43:03] Отримуємо знижки для type: window-cleaning
[2025-05-19 10:43:03] Знайдено знижок: 2
[2025-05-19 10:43:18] Підключення до бази даних успішне!
[2025-05-19 10:43:18] Ендпоінт не знайдено: /api/orders, метод: POST
[2025-05-19 10:43:29] Підключення до бази даних успішне!
[2025-05-19 10:43:29] Отримуємо знижки для type: post-renovation
[2025-05-19 10:43:29] Знайдено знижок: 1
[2025-05-19 10:47:34] Підключення до бази даних успішне!
[2025-05-19 10:47:34] Отримуємо знижки для type: post-renovation
[2025-05-19 10:47:34] Знайдено знижок: 1
[2025-05-19 10:49:03] Підключення до бази даних успішне!
[2025-05-19 10:49:03] Ендпоінт не знайдено: /api/orders, метод: POST
[2025-05-19 10:52:01] Підключення до бази даних успішне!
[2025-05-19 10:52:01] Отримуємо знижки для type: post-renovation
[2025-05-19 10:52:01] Знайдено знижок: 1
[2025-05-19 10:53:57] Підключення до бази даних успішне!
[2025-05-19 10:53:57] Отримуємо знижки для type: private-house
[2025-05-19 10:53:57] Знайдено знижок: 2
[2025-05-19 10:56:41] Підключення до бази даних успішне!
[2025-05-19 10:56:41] Отримуємо знижки для type: private-house
[2025-05-19 10:56:41] Знайдено знижок: 2
[2025-05-19 11:00:38] Підключення до бази даних успішне!
[2025-05-19 11:00:38] Отримуємо список користувачів: query=SELECT * FROM users ORDER BY created_at DESC
[2025-05-19 11:00:38] Знайдено користувачів: 5
[2025-05-19 11:00:38] Підключення до бази даних успішне!
[2025-05-19 11:00:38] Помилка при отриманні статистики: SQLSTATE[42S22]: Column not found: 1054 Unknown column 'user_id' in 'SELECT'
[2025-05-19 11:00:38] Підключення до бази даних успішне!
[2025-05-19 11:00:38] Отримуємо список замовлень: query=SELECT o.*, u.name, u.phone FROM orders o LEFT JOIN users u ON o.user_id = u.id ORDER BY o.order_date DESC
[2025-05-19 11:00:38] Помилка при отриманні замовлень: SQLSTATE[42S22]: Column not found: 1054 Unknown column 'o.user_id' in 'ON'
[2025-05-19 11:00:39] Підключення до бази даних успішне!
[2025-05-19 11:00:39] Отримуємо список користувачів: query=SELECT * FROM users ORDER BY created_at DESC
[2025-05-19 11:00:39] Знайдено користувачів: 5
[2025-05-19 11:00:39] Підключення до бази даних успішне!
[2025-05-19 11:00:39] Отримуємо список користувачів: query=SELECT * FROM users ORDER BY created_at DESC
[2025-05-19 11:00:39] Знайдено користувачів: 5
[2025-05-19 11:00:39] Підключення до бази даних успішне!
[2025-05-19 11:00:39] Отримуємо список замовлень: query=SELECT o.*, u.name, u.phone FROM orders o LEFT JOIN users u ON o.user_id = u.id ORDER BY o.order_date DESC
[2025-05-19 11:00:39] Помилка при отриманні замовлень: SQLSTATE[42S22]: Column not found: 1054 Unknown column 'o.user_id' in 'ON'
[2025-05-19 11:00:39] Підключення до бази даних успішне!
[2025-05-19 11:00:39] Помилка при отриманні статистики: SQLSTATE[42S22]: Column not found: 1054 Unknown column 'user_id' in 'SELECT'
[2025-05-19 11:00:41] Підключення до бази даних успішне!
[2025-05-19 11:00:41] Отримуємо знижки для type: office-cleaning
[2025-05-19 11:00:41] Знайдено знижок: 0
[2025-05-19 11:03:19] Підключення до бази даних успішне!
[2025-05-19 11:03:19] Отримуємо знижки для type: regular
[2025-05-19 11:03:19] Знайдено знижок: 4
[2025-05-19 11:03:21] Підключення до бази даних успішне!
[2025-05-19 11:03:21] Отримуємо промокоди, знайдено: 2
[2025-05-19 11:03:24] Підключення до бази даних успішне!
[2025-05-19 11:03:24] Отримуємо список користувачів: query=SELECT * FROM users ORDER BY created_at DESC
[2025-05-19 11:03:24] Знайдено користувачів: 5
[2025-05-19 11:03:24] Підключення до бази даних успішне!
[2025-05-19 11:03:24] Помилка при отриманні статистики: SQLSTATE[42S22]: Column not found: 1054 Unknown column 'user_id' in 'SELECT'
[2025-05-19 11:03:24] Підключення до бази даних успішне!
[2025-05-19 11:03:24] Отримуємо список замовлень: query=SELECT o.*, u.name, u.phone FROM orders o LEFT JOIN users u ON o.user_id = u.id ORDER BY o.order_date DESC
[2025-05-19 11:03:24] Помилка при отриманні замовлень: SQLSTATE[42S22]: Column not found: 1054 Unknown column 'o.user_id' in 'ON'
[2025-05-19 11:03:25] Підключення до бази даних успішне!
[2025-05-19 11:03:25] Отримуємо список користувачів: query=SELECT * FROM users ORDER BY created_at DESC
[2025-05-19 11:03:25] Знайдено користувачів: 5
[2025-05-19 11:03:25] Підключення до бази даних успішне!
[2025-05-19 11:03:25] Отримуємо список користувачів: query=SELECT * FROM users ORDER BY created_at DESC
[2025-05-19 11:03:25] Знайдено користувачів: 5
[2025-05-19 11:03:25] Підключення до бази даних успішне!
[2025-05-19 11:03:25] Отримуємо список замовлень: query=SELECT o.*, u.name, u.phone FROM orders o LEFT JOIN users u ON o.user_id = u.id ORDER BY o.order_date DESC
[2025-05-19 11:03:25] Помилка при отриманні замовлень: SQLSTATE[42S22]: Column not found: 1054 Unknown column 'o.user_id' in 'ON'
[2025-05-19 11:03:25] Підключення до бази даних успішне!
[2025-05-19 11:03:25] Помилка при отриманні статистики: SQLSTATE[42S22]: Column not found: 1054 Unknown column 'user_id' in 'SELECT'
[2025-05-19 11:03:26] Підключення до бази даних успішне!
[2025-05-19 11:03:26] Отримуємо знижки для type: regular
[2025-05-19 11:03:26] Знайдено знижок: 4
[2025-05-19 11:03:33] Підключення до бази даних успішне!
[2025-05-19 11:03:33] Отримані дані для знижки: date=2025-05-25, percentage=12, type=regular
[2025-05-19 11:03:33] Додаємо знижку 12% на 2025-05-25 для type: regular
[2025-05-19 11:03:33] Знижки немає, додаємо нову
[2025-05-19 11:03:33] Додано рядків: 1
[2025-05-19 11:03:33] Перевірка: Знижка знайдена в базі: date=2025-05-25, percentage=12, type=regular
[2025-05-19 11:03:33] Підключення до бази даних успішне!
[2025-05-19 11:03:33] Отримуємо знижки для type: regular
[2025-05-19 11:03:33] Знайдено знижок: 5
[2025-05-19 11:03:35] Підключення до бази даних успішне!
[2025-05-19 11:03:35] Отримуємо знижки для type: private-house
[2025-05-19 11:03:35] Знайдено знижок: 2
[2025-05-19 11:05:42] Підключення до бази даних успішне!
[2025-05-19 11:05:42] Отримуємо список користувачів: query=SELECT * FROM users ORDER BY created_at DESC
[2025-05-19 11:05:42] Знайдено користувачів: 5
[2025-05-19 11:05:42] Підключення до бази даних успішне!
[2025-05-19 11:05:42] Помилка при отриманні статистики: SQLSTATE[42S22]: Column not found: 1054 Unknown column 'user_id' in 'SELECT'
[2025-05-19 11:05:43] Підключення до бази даних успішне!
[2025-05-19 11:05:43] Отримуємо список замовлень: query=SELECT o.*, u.name, u.phone FROM orders o LEFT JOIN users u ON o.user_id = u.id ORDER BY o.order_date DESC
[2025-05-19 11:05:43] Помилка при отриманні замовлень: SQLSTATE[42S22]: Column not found: 1054 Unknown column 'o.user_id' in 'ON'
[2025-05-19 11:05:43] Підключення до бази даних успішне!
[2025-05-19 11:05:43] Отримуємо список користувачів: query=SELECT * FROM users ORDER BY created_at DESC
[2025-05-19 11:05:43] Знайдено користувачів: 5
[2025-05-19 11:05:43] Підключення до бази даних успішне!
[2025-05-19 11:05:43] Отримуємо список користувачів: query=SELECT * FROM users ORDER BY created_at DESC
[2025-05-19 11:05:43] Знайдено користувачів: 5
[2025-05-19 11:05:43] Підключення до бази даних успішне!
[2025-05-19 11:05:43] Отримуємо список замовлень: query=SELECT o.*, u.name, u.phone FROM orders o LEFT JOIN users u ON o.user_id = u.id ORDER BY o.order_date DESC
[2025-05-19 11:05:43] Помилка при отриманні замовлень: SQLSTATE[42S22]: Column not found: 1054 Unknown column 'o.user_id' in 'ON'
[2025-05-19 11:05:43] Підключення до бази даних успішне!
[2025-05-19 11:05:43] Помилка при отриманні статистики: SQLSTATE[42S22]: Column not found: 1054 Unknown column 'user_id' in 'SELECT'
[2025-05-19 11:05:49] Підключення до бази даних успішне!
[2025-05-19 11:05:49] Отримуємо список користувачів: query=SELECT * FROM users ORDER BY created_at DESC
[2025-05-19 11:05:49] Знайдено користувачів: 5
[2025-05-19 11:20:13] Підключення до бази даних успішне!
[2025-05-19 11:20:13] Отримуємо список користувачів: query=SELECT * FROM users ORDER BY created_at DESC
[2025-05-19 11:20:13] Знайдено користувачів: 5
[2025-05-19 11:20:14] Підключення до бази даних успішне!
[2025-05-19 11:20:14] Помилка при отриманні статистики: SQLSTATE[42S22]: Column not found: 1054 Unknown column 'user_id' in 'SELECT'
[2025-05-19 11:20:14] Підключення до бази даних успішне!
[2025-05-19 11:20:14] Отримуємо список замовлень: query=SELECT o.*, u.name, u.phone FROM orders o LEFT JOIN users u ON o.user_id = u.id ORDER BY o.order_date DESC
[2025-05-19 11:20:14] Помилка при отриманні замовлень: SQLSTATE[42S22]: Column not found: 1054 Unknown column 'o.user_id' in 'ON'
[2025-05-19 11:20:14] Підключення до бази даних успішне!
[2025-05-19 11:20:14] Отримуємо список користувачів: query=SELECT * FROM users ORDER BY created_at DESC
[2025-05-19 11:20:14] Знайдено користувачів: 5
[2025-05-19 11:20:14] Підключення до бази даних успішне!
[2025-05-19 11:20:14] Отримуємо список замовлень: query=SELECT o.*, u.name, u.phone FROM orders o LEFT JOIN users u ON o.user_id = u.id ORDER BY o.order_date DESC
[2025-05-19 11:20:14] Помилка при отриманні замовлень: SQLSTATE[42S22]: Column not found: 1054 Unknown column 'o.user_id' in 'ON'
[2025-05-19 11:20:14] Підключення до бази даних успішне!
[2025-05-19 11:20:14] Помилка при отриманні статистики: SQLSTATE[42S22]: Column not found: 1054 Unknown column 'user_id' in 'SELECT'
[2025-05-19 11:25:14] Підключення до бази даних успішне!
[2025-05-19 11:25:14] Отримуємо список користувачів: query=SELECT * FROM users ORDER BY created_at DESC
[2025-05-19 11:25:14] Знайдено користувачів: 5
[2025-05-19 11:25:14] Підключення до бази даних успішне!
[2025-05-19 11:25:14] Помилка при отриманні статистики: SQLSTATE[42S22]: Column not found: 1054 Unknown column 'user_id' in 'SELECT'
[2025-05-19 11:25:14] Підключення до бази даних успішне!
[2025-05-19 11:25:14] Отримуємо список замовлень: query=SELECT o.*, u.name, u.phone FROM orders o LEFT JOIN users u ON o.user_id = u.id ORDER BY o.order_date DESC
[2025-05-19 11:25:14] Помилка при отриманні замовлень: SQLSTATE[42S22]: Column not found: 1054 Unknown column 'o.user_id' in 'ON'
[2025-05-19 11:27:33] Підключення до бази даних успішне!
[2025-05-19 11:27:33] Отримуємо знижки для type: regular
[2025-05-19 11:27:33] Знайдено знижок: 5
[2025-05-19 11:27:37] Підключення до бази даних успішне!
[2025-05-19 11:27:37] Отримані дані для знижки: date=2025-05-20, percentage=2, type=regular
[2025-05-19 11:27:37] Додаємо знижку 2% на 2025-05-20 для type: regular
[2025-05-19 11:27:37] Знижки немає, додаємо нову
[2025-05-19 11:27:37] Додано рядків: 1
[2025-05-19 11:27:37] Перевірка: Знижка знайдена в базі: date=2025-05-20, percentage=2, type=regular
[2025-05-19 11:27:37] Підключення до бази даних успішне!
[2025-05-19 11:27:37] Отримуємо знижки для type: regular
[2025-05-19 11:27:37] Знайдено знижок: 6
[2025-05-19 11:27:40] Підключення до бази даних успішне!
[2025-05-19 11:27:40] Отримуємо знижки для type: private-house
[2025-05-19 11:27:40] Знайдено знижок: 2
[2025-05-19 11:27:44] Підключення до бази даних успішне!
[2025-05-19 11:27:44] Отримані дані для знижки: date=2025-05-16, percentage=8, type=private-house
[2025-05-19 11:27:44] Додаємо знижку 8% на 2025-05-16 для type: private-house
[2025-05-19 11:27:44] Знижки немає, додаємо нову
[2025-05-19 11:27:44] Додано рядків: 1
[2025-05-19 11:27:44] Перевірка: Знижка знайдена в базі: date=2025-05-16, percentage=8, type=private-house
[2025-05-19 11:27:44] Підключення до бази даних успішне!
[2025-05-19 11:27:44] Отримуємо знижки для type: private-house
[2025-05-19 11:27:44] Знайдено знижок: 3
[2025-05-19 11:27:47] Підключення до бази даних успішне!
[2025-05-19 11:27:47] Отримуємо список користувачів: query=SELECT * FROM users ORDER BY created_at DESC
[2025-05-19 11:27:47] Знайдено користувачів: 5
[2025-05-19 11:27:47] Підключення до бази даних успішне!
[2025-05-19 11:27:48] Помилка при отриманні статистики: SQLSTATE[42S22]: Column not found: 1054 Unknown column 'user_id' in 'SELECT'
[2025-05-19 11:27:48] Підключення до бази даних успішне!
[2025-05-19 11:27:48] Отримуємо список замовлень: query=SELECT o.*, u.name, u.phone FROM orders o LEFT JOIN users u ON o.user_id = u.id ORDER BY o.order_date DESC
[2025-05-19 11:27:48] Помилка при отриманні замовлень: SQLSTATE[42S22]: Column not found: 1054 Unknown column 'o.user_id' in 'ON'
[2025-05-19 11:27:48] Підключення до бази даних успішне!
[2025-05-19 11:27:48] Отримуємо список користувачів: query=SELECT * FROM users ORDER BY created_at DESC
[2025-05-19 11:27:48] Знайдено користувачів: 5
[2025-05-19 11:27:48] Підключення до бази даних успішне!
[2025-05-19 11:27:48] Отримуємо список замовлень: query=SELECT o.*, u.name, u.phone FROM orders o LEFT JOIN users u ON o.user_id = u.id ORDER BY o.order_date DESC
[2025-05-19 11:27:48] Помилка при отриманні замовлень: SQLSTATE[42S22]: Column not found: 1054 Unknown column 'o.user_id' in 'ON'
[2025-05-19 11:27:48] Підключення до бази даних успішне!
[2025-05-19 11:27:48] Помилка при отриманні статистики: SQLSTATE[42S22]: Column not found: 1054 Unknown column 'user_id' in 'SELECT'
[2025-05-19 11:33:06] Підключення до бази даних успішне!
[2025-05-19 11:33:06] Отримуємо знижки для type: regular
[2025-05-19 11:33:06] Знайдено знижок: 6
[2025-05-19 11:33:07] Підключення до бази даних успішне!
[2025-05-19 11:33:07] Отримуємо список користувачів: query=SELECT * FROM users ORDER BY created_at DESC
[2025-05-19 11:33:07] Знайдено користувачів: 5
[2025-05-19 11:33:07] Підключення до бази даних успішне!
[2025-05-19 11:33:07] Отримуємо список замовлень: query=SELECT o.*, u.name, u.phone FROM orders o LEFT JOIN users u ON o.user_id = u.id ORDER BY o.order_date DESC
[2025-05-19 11:33:07] Помилка при отриманні замовлень: SQLSTATE[42S22]: Column not found: 1054 Unknown column 'o.user_id' in 'ON'
[2025-05-19 11:33:07] Підключення до бази даних успішне!
[2025-05-19 11:33:07] Помилка при отриманні статистики: SQLSTATE[42S22]: Column not found: 1054 Unknown column 'user_id' in 'SELECT'
[2025-05-19 11:33:08] Підключення до бази даних успішне!
[2025-05-19 11:33:08] Отримуємо список замовлень: query=SELECT o.*, u.name, u.phone FROM orders o LEFT JOIN users u ON o.user_id = u.id ORDER BY o.order_date DESC
[2025-05-19 11:33:08] Помилка при отриманні замовлень: SQLSTATE[42S22]: Column not found: 1054 Unknown column 'o.user_id' in 'ON'
[2025-05-19 11:33:08] Підключення до бази даних успішне!
[2025-05-19 11:33:08] Помилка при отриманні статистики: SQLSTATE[42S22]: Column not found: 1054 Unknown column 'user_id' in 'SELECT'
[2025-05-19 11:33:08] Підключення до бази даних успішне!
[2025-05-19 11:33:08] Отримуємо список користувачів: query=SELECT * FROM users ORDER BY created_at DESC
[2025-05-19 11:33:08] Знайдено користувачів: 5
[2025-05-19 11:33:17] Підключення до бази даних успішне!
[2025-05-19 11:33:17] Отримуємо список користувачів: query=SELECT * FROM users ORDER BY created_at DESC
[2025-05-19 11:33:17] Знайдено користувачів: 5
[2025-05-19 11:35:42] Підключення до бази даних успішне!
[2025-05-19 11:35:42] Отримуємо знижки для type: regular
[2025-05-19 11:35:42] Знайдено знижок: 6
[2025-05-19 11:35:43] Підключення до бази даних успішне!
[2025-05-19 11:35:43] Отримуємо список користувачів: query=SELECT * FROM users ORDER BY created_at DESC
[2025-05-19 11:35:43] Знайдено користувачів: 5
[2025-05-19 11:35:43] Підключення до бази даних успішне!
[2025-05-19 11:35:43] Помилка при отриманні статистики: SQLSTATE[42S22]: Column not found: 1054 Unknown column 'user_id' in 'SELECT'
[2025-05-19 11:35:43] Підключення до бази даних успішне!
[2025-05-19 11:35:43] Отримуємо список замовлень: query=SELECT o.*, u.name, u.phone FROM orders o LEFT JOIN users u ON o.user_id = u.id ORDER BY o.order_date DESC
[2025-05-19 11:35:43] Помилка при отриманні замовлень: SQLSTATE[42S22]: Column not found: 1054 Unknown column 'o.user_id' in 'ON'
[2025-05-19 11:35:44] Підключення до бази даних успішне!
[2025-05-19 11:35:44] Отримуємо список користувачів: query=SELECT * FROM users ORDER BY created_at DESC
[2025-05-19 11:35:44] Знайдено користувачів: 5
[2025-05-19 11:35:44] Підключення до бази даних успішне!
[2025-05-19 11:35:44] Отримуємо список замовлень: query=SELECT o.*, u.name, u.phone FROM orders o LEFT JOIN users u ON o.user_id = u.id ORDER BY o.order_date DESC
[2025-05-19 11:35:44] Помилка при отриманні замовлень: SQLSTATE[42S22]: Column not found: 1054 Unknown column 'o.user_id' in 'ON'
[2025-05-19 11:35:44] Підключення до бази даних успішне!
[2025-05-19 11:35:44] Помилка при отриманні статистики: SQLSTATE[42S22]: Column not found: 1054 Unknown column 'user_id' in 'SELECT'
[2025-05-19 11:35:50] Підключення до бази даних успішне!
[2025-05-19 11:35:50] Отримуємо список користувачів: query=SELECT * FROM users ORDER BY created_at DESC
[2025-05-19 11:35:50] Знайдено користувачів: 5
[2025-05-19 11:35:53] Підключення до бази даних успішне!
[2025-05-19 11:35:53] Отримуємо деталі користувача з id: 5
[2025-05-19 11:35:53] Помилка при отриманні деталей користувача: SQLSTATE[42S22]: Column not found: 1054 Unknown column 'user_id' in 'WHERE'
[2025-05-19 11:37:06] Підключення до бази даних успішне!
[2025-05-19 11:37:06] Отримуємо список користувачів: query=SELECT * FROM users ORDER BY created_at DESC
[2025-05-19 11:37:06] Знайдено користувачів: 5
[2025-05-19 11:37:06] Підключення до бази даних успішне!
[2025-05-19 11:37:06] Отримуємо список замовлень: query=SELECT o.*, u.name, u.phone FROM orders o LEFT JOIN users u ON o.user_id = u.id ORDER BY o.order_date DESC
[2025-05-19 11:37:06] Помилка при отриманні замовлень: SQLSTATE[42S22]: Column not found: 1054 Unknown column 'o.user_id' in 'ON'
[2025-05-19 11:37:06] Підключення до бази даних успішне!
[2025-05-19 11:37:06] Помилка при отриманні статистики: SQLSTATE[42S22]: Column not found: 1054 Unknown column 'user_id' in 'SELECT'
[2025-05-19 11:37:06] Підключення до бази даних успішне!
[2025-05-19 11:37:06] Отримуємо список користувачів: query=SELECT * FROM users ORDER BY created_at DESC
[2025-05-19 11:37:06] Знайдено користувачів: 5
[2025-05-19 11:37:06] Підключення до бази даних успішне!
[2025-05-19 11:37:06] Отримуємо список замовлень: query=SELECT o.*, u.name, u.phone FROM orders o LEFT JOIN users u ON o.user_id = u.id ORDER BY o.order_date DESC
[2025-05-19 11:37:06] Помилка при отриманні замовлень: SQLSTATE[42S22]: Column not found: 1054 Unknown column 'o.user_id' in 'ON'
[2025-05-19 11:37:06] Підключення до бази даних успішне!
[2025-05-19 11:37:07] Помилка при отриманні статистики: SQLSTATE[42S22]: Column not found: 1054 Unknown column 'user_id' in 'SELECT'
[2025-05-19 11:39:59] Помилка підключення до бази даних: SQLSTATE[HY000] [2002] Connection refused
[2025-05-19 11:39:59] Помилка підключення до бази даних: SQLSTATE[HY000] [2002] Connection refused
[2025-05-19 11:39:59] Помилка підключення до бази даних: SQLSTATE[HY000] [2002] Connection refused
[2025-05-19 11:39:59] Помилка підключення до бази даних: SQLSTATE[HY000] [2002] Connection refused
[2025-05-19 11:39:59] Помилка підключення до бази даних: SQLSTATE[HY000] [2002] Connection refused
[2025-05-19 11:39:59] Помилка підключення до бази даних: SQLSTATE[HY000] [2002] Connection refused
[2025-05-19 11:40:46] Помилка підключення до бази даних: SQLSTATE[HY000] [2002] Connection refused
[2025-05-19 11:40:58] Помилка підключення до бази даних: SQLSTATE[HY000] [2002] Connection refused
[2025-05-19 11:41:05] Помилка підключення до бази даних: SQLSTATE[HY000] [2002] Connection refused
[2025-05-19 11:41:05] Помилка підключення до бази даних: SQLSTATE[HY000] [2002] Connection refused
[2025-05-19 11:41:05] Помилка підключення до бази даних: SQLSTATE[HY000] [2002] Connection refused
[2025-05-19 11:41:05] Помилка підключення до бази даних: SQLSTATE[HY000] [2002] Connection refused
[2025-05-19 11:41:05] Помилка підключення до бази даних: SQLSTATE[HY000] [2002] Connection refused
[2025-05-19 11:41:05] Помилка підключення до бази даних: SQLSTATE[HY000] [2002] Connection refused
[2025-05-19 11:41:05] Помилка підключення до бази даних: SQLSTATE[HY000] [2002] Connection refused
[2025-05-19 11:42:55] Помилка підключення до бази даних: SQLSTATE[HY000] [2002] Connection refused
[2025-05-19 11:42:55] Помилка підключення до бази даних: SQLSTATE[HY000] [2002] Connection refused
[2025-05-19 11:42:55] Помилка підключення до бази даних: SQLSTATE[HY000] [2002] Connection refused
[2025-05-19 11:42:55] Помилка підключення до бази даних: SQLSTATE[HY000] [2002] Connection refused
[2025-05-19 11:42:55] Помилка підключення до бази даних: SQLSTATE[HY000] [2002] Connection refused
[2025-05-19 11:42:55] Помилка підключення до бази даних: SQLSTATE[HY000] [2002] Connection refused
[2025-05-19 11:42:55] Помилка підключення до бази даних: SQLSTATE[HY000] [2002] Connection refused
[2025-05-19 11:47:55] Помилка підключення до бази даних: SQLSTATE[HY000] [2002] Connection refused
[2025-05-19 11:47:55] Помилка підключення до бази даних: SQLSTATE[HY000] [2002] Connection refused
[2025-05-19 11:47:55] Помилка підключення до бази даних: SQLSTATE[HY000] [2002] Connection refused
[2025-05-19 11:51:14] Помилка підключення до бази даних: SQLSTATE[HY000] [2002] Connection refused
[2025-05-19 11:51:14] Помилка підключення до бази даних: SQLSTATE[HY000] [2002] Connection refused
[2025-05-19 11:51:14] Помилка підключення до бази даних: SQLSTATE[HY000] [2002] Connection refused
[2025-05-19 11:51:14] Помилка підключення до бази даних: SQLSTATE[HY000] [2002] Connection refused
[2025-05-19 11:51:14] Помилка підключення до бази даних: SQLSTATE[HY000] [2002] Connection refused
[2025-05-19 11:51:14] Помилка підключення до бази даних: SQLSTATE[HY000] [2002] Connection refused
[2025-05-19 11:51:14] Помилка підключення до бази даних: SQLSTATE[HY000] [2002] Connection refused
[2025-05-19 11:52:28] Помилка підключення до бази даних: SQLSTATE[HY000] [2002] Connection refused
[2025-05-19 11:53:10] Підключення до бази даних успішне!
[2025-05-19 11:53:10] Отримуємо список користувачів: query=SELECT * FROM users ORDER BY created_at DESC
[2025-05-19 11:53:10] Знайдено користувачів: 5
[2025-05-19 11:53:10] Підключення до бази даних успішне!
[2025-05-19 11:53:10] Отримуємо список користувачів: query=SELECT * FROM users ORDER BY created_at DESC
[2025-05-19 11:53:10] Знайдено користувачів: 5
[2025-05-19 11:53:10] Підключення до бази даних успішне!
[2025-05-19 11:53:10] Отримано статистику користувачів: {"total_users":5,"status_counts":{"active":4,"inactive":1},"new_users":5,"avg_orders_per_user":6}
[2025-05-19 11:53:10] Підключення до бази даних успішне!
[2025-05-19 11:53:10] Отримуємо список замовлень: query=SELECT o.*, u.name, u.phone FROM orders o LEFT JOIN users u ON o.user_id = u.id ORDER BY o.order_date DESC
[2025-05-19 11:53:10] Помилка при отриманні замовлень: SQLSTATE[42S22]: Column not found: 1054 Unknown column 'o.order_date' in 'ORDER BY'
[2025-05-19 11:53:11] Підключення до бази даних успішне!
[2025-05-19 11:53:11] Отримуємо список користувачів: query=SELECT * FROM users ORDER BY created_at DESC
[2025-05-19 11:53:11] Знайдено користувачів: 5
[2025-05-19 11:53:11] Підключення до бази даних успішне!
[2025-05-19 11:53:11] Отримуємо список замовлень: query=SELECT o.*, u.name, u.phone FROM orders o LEFT JOIN users u ON o.user_id = u.id ORDER BY o.order_date DESC
[2025-05-19 11:53:11] Помилка при отриманні замовлень: SQLSTATE[42S22]: Column not found: 1054 Unknown column 'o.order_date' in 'ORDER BY'
[2025-05-19 11:53:11] Підключення до бази даних успішне!
[2025-05-19 11:53:11] Отримано статистику користувачів: {"total_users":5,"status_counts":{"active":4,"inactive":1},"new_users":5,"avg_orders_per_user":6}
[2025-05-19 11:54:10] Підключення до бази даних успішне!
[2025-05-19 11:54:10] Отримуємо знижки для type: regular
[2025-05-19 11:54:10] Знайдено знижок: 6
[2025-05-19 11:54:17] Підключення до бази даних успішне!
[2025-05-19 11:54:17] Отримані дані для знижки: date=2025-05-17, percentage=14, type=regular
[2025-05-19 11:54:17] Додаємо знижку 14% на 2025-05-17 для type: regular
[2025-05-19 11:54:17] Знижки немає, додаємо нову
[2025-05-19 11:54:17] Додано рядків: 1
[2025-05-19 11:54:17] Перевірка: Знижка знайдена в базі: date=2025-05-17, percentage=14, type=regular
[2025-05-19 11:54:17] Підключення до бази даних успішне!
[2025-05-19 11:54:17] Отримуємо знижки для type: regular
[2025-05-19 11:54:17] Знайдено знижок: 7
[2025-05-19 11:54:45] Підключення до бази даних успішне!
[2025-05-19 11:54:45] Отримуємо промокоди, знайдено: 2
[2025-05-19 11:54:46] Підключення до бази даних успішне!
[2025-05-19 11:54:46] Отримуємо список користувачів: query=SELECT * FROM users ORDER BY created_at DESC
[2025-05-19 11:54:46] Знайдено користувачів: 5
[2025-05-19 11:54:46] Підключення до бази даних успішне!
[2025-05-19 11:54:46] Отримано статистику користувачів: {"total_users":5,"status_counts":{"active":4,"inactive":1},"new_users":5,"avg_orders_per_user":6}
[2025-05-19 11:54:46] Підключення до бази даних успішне!
[2025-05-19 11:54:46] Отримуємо список замовлень: query=SELECT o.*, u.name, u.phone FROM orders o LEFT JOIN users u ON o.user_id = u.id ORDER BY o.order_date DESC
[2025-05-19 11:54:46] Помилка при отриманні замовлень: SQLSTATE[42S22]: Column not found: 1054 Unknown column 'o.order_date' in 'ORDER BY'
[2025-05-19 11:54:46] Підключення до бази даних успішне!
[2025-05-19 11:54:46] Отримуємо список користувачів: query=SELECT * FROM users ORDER BY created_at DESC
[2025-05-19 11:54:46] Знайдено користувачів: 5
[2025-05-19 11:54:46] Підключення до бази даних успішне!
[2025-05-19 11:54:46] Отримуємо список замовлень: query=SELECT o.*, u.name, u.phone FROM orders o LEFT JOIN users u ON o.user_id = u.id ORDER BY o.order_date DESC
[2025-05-19 11:54:46] Помилка при отриманні замовлень: SQLSTATE[42S22]: Column not found: 1054 Unknown column 'o.order_date' in 'ORDER BY'
[2025-05-19 11:54:46] Підключення до бази даних успішне!
[2025-05-19 11:54:46] Отримано статистику користувачів: {"total_users":5,"status_counts":{"active":4,"inactive":1},"new_users":5,"avg_orders_per_user":6}
[2025-05-19 11:56:33] Підключення до бази даних успішне!
[2025-05-19 11:56:33] Отримуємо промокоди, знайдено: 2
[2025-05-19 11:56:38] Підключення до бази даних успішне!
[2025-05-19 11:56:38] Додаємо промокод PROMOSGIHOUOC зі знижкою 12%
[2025-05-19 11:56:38] Створено промокод PROMOSGIHOUOC зі знижкою 12%
[2025-05-19 11:56:38] Підключення до бази даних успішне!
[2025-05-19 11:56:38] Отримуємо промокоди, знайдено: 3
[2025-05-19 11:56:47] Підключення до бази даних успішне!
[2025-05-19 11:56:47] Отримуємо список користувачів: query=SELECT * FROM users ORDER BY created_at DESC
[2025-05-19 11:56:47] Знайдено користувачів: 5
[2025-05-19 11:56:47] Підключення до бази даних успішне!
[2025-05-19 11:56:47] Отримано статистику користувачів: {"total_users":5,"status_counts":{"active":4,"inactive":1},"new_users":5,"avg_orders_per_user":6}
[2025-05-19 11:56:47] Підключення до бази даних успішне!
[2025-05-19 11:56:47] Отримуємо список замовлень: query=SELECT o.*, u.name, u.phone FROM orders o LEFT JOIN users u ON o.user_id = u.id ORDER BY o.order_date DESC
[2025-05-19 11:56:47] Помилка при отриманні замовлень: SQLSTATE[42S22]: Column not found: 1054 Unknown column 'o.order_date' in 'ORDER BY'
[2025-05-19 11:56:47] Підключення до бази даних успішне!
[2025-05-19 11:56:47] Отримуємо список користувачів: query=SELECT * FROM users ORDER BY created_at DESC
[2025-05-19 11:56:47] Знайдено користувачів: 5
[2025-05-19 11:56:47] Підключення до бази даних успішне!
[2025-05-19 11:56:47] Отримуємо список замовлень: query=SELECT o.*, u.name, u.phone FROM orders o LEFT JOIN users u ON o.user_id = u.id ORDER BY o.order_date DESC
[2025-05-19 11:56:47] Помилка при отриманні замовлень: SQLSTATE[42S22]: Column not found: 1054 Unknown column 'o.order_date' in 'ORDER BY'
[2025-05-19 11:56:47] Підключення до бази даних успішне!
[2025-05-19 11:56:47] Отримано статистику користувачів: {"total_users":5,"status_counts":{"active":4,"inactive":1},"new_users":5,"avg_orders_per_user":6}
[2025-05-19 12:00:29] Підключення до бази даних успішне!
[2025-05-19 12:00:29] Отримуємо знижки для type: regular
[2025-05-19 12:00:29] Знайдено знижок: 7
[2025-05-19 12:00:32] Підключення до бази даних успішне!
[2025-05-19 12:00:32] Отримуємо знижки для type: post-renovation
[2025-05-19 12:00:32] Знайдено знижок: 1
[2025-05-19 12:00:37] Підключення до бази даних успішне!
[2025-05-19 12:00:37] Отримані дані для знижки: date=2025-05-28, percentage=12, type=post-renovation
[2025-05-19 12:00:37] Додаємо знижку 12% на 2025-05-28 для type: post-renovation
[2025-05-19 12:00:37] Знижки немає, додаємо нову
[2025-05-19 12:00:37] Додано рядків: 1
[2025-05-19 12:00:37] Перевірка: Знижка знайдена в базі: date=2025-05-28, percentage=12, type=post-renovation
[2025-05-19 12:00:38] Підключення до бази даних успішне!
[2025-05-19 12:00:38] Отримуємо знижки для type: post-renovation
[2025-05-19 12:00:38] Знайдено знижок: 2
[2025-05-19 12:00:41] Підключення до бази даних успішне!
[2025-05-19 12:00:41] Отримуємо знижки для type: post-renovation
[2025-05-19 12:00:41] Знайдено знижок: 2
[2025-05-19 12:00:46] Підключення до бази даних успішне!
[2025-05-19 12:00:46] Отримуємо список користувачів: query=SELECT * FROM users ORDER BY created_at DESC
[2025-05-19 12:00:46] Знайдено користувачів: 5
[2025-05-19 12:00:46] Підключення до бази даних успішне!
[2025-05-19 12:00:46] Отримано статистику користувачів: {"total_users":5,"status_counts":{"active":4,"inactive":1},"new_users":5,"avg_orders_per_user":1.2}
[2025-05-19 12:00:46] Підключення до бази даних успішне!
[2025-05-19 12:00:46] Отримуємо список замовлень: query=SELECT o.*, u.name, u.phone FROM orders o LEFT JOIN users u ON o.user_id = u.id ORDER BY o.order_date DESC
[2025-05-19 12:00:46] Помилка при отриманні замовлень: SQLSTATE[42S22]: Column not found: 1054 Unknown column 'o.order_date' in 'ORDER BY'
[2025-05-19 12:00:46] Підключення до бази даних успішне!
[2025-05-19 12:00:46] Отримуємо список користувачів: query=SELECT * FROM users ORDER BY created_at DESC
[2025-05-19 12:00:46] Знайдено користувачів: 5
[2025-05-19 12:00:46] Підключення до бази даних успішне!
[2025-05-19 12:00:46] Отримуємо список замовлень: query=SELECT o.*, u.name, u.phone FROM orders o LEFT JOIN users u ON o.user_id = u.id ORDER BY o.order_date DESC
[2025-05-19 12:00:46] Помилка при отриманні замовлень: SQLSTATE[42S22]: Column not found: 1054 Unknown column 'o.order_date' in 'ORDER BY'
[2025-05-19 12:00:46] Підключення до бази даних успішне!
[2025-05-19 12:00:46] Отримано статистику користувачів: {"total_users":5,"status_counts":{"active":4,"inactive":1},"new_users":5,"avg_orders_per_user":1.2}
[2025-05-19 12:00:49] Підключення до бази даних успішне!
[2025-05-19 12:00:49] Отримуємо список користувачів: query=SELECT * FROM users ORDER BY created_at DESC
[2025-05-19 12:00:49] Знайдено користувачів: 5
[2025-05-19 12:00:57] Підключення до бази даних успішне!
[2025-05-19 12:00:57] Отримуємо деталі користувача з id: 5
[2025-05-19 12:00:57] Знайдено замовлень для користувача 5: 0
[2025-05-19 12:01:07] Підключення до бази даних успішне!
[2025-05-19 12:01:07] Отримуємо список користувачів: query=SELECT * FROM users ORDER BY created_at DESC
[2025-05-19 12:01:07] Знайдено користувачів: 5
[2025-05-19 12:02:45] Підключення до бази даних успішне!
[2025-05-19 12:02:45] Отримуємо список користувачів: query=SELECT * FROM users ORDER BY created_at DESC
[2025-05-19 12:02:45] Знайдено користувачів: 5
[2025-05-19 12:05:05] Підключення до бази даних успішне!
[2025-05-19 12:05:05] Отримуємо список користувачів: query=SELECT * FROM users ORDER BY created_at DESC
[2025-05-19 12:05:05] Знайдено користувачів: 5
[2025-05-19 12:05:05] Підключення до бази даних успішне!
[2025-05-19 12:05:05] Отримуємо список користувачів: query=SELECT * FROM users ORDER BY created_at DESC
[2025-05-19 12:05:05] Знайдено користувачів: 5
[2025-05-19 12:05:05] Підключення до бази даних успішне!
[2025-05-19 12:05:06] Отримано статистику користувачів: {"total_users":5,"status_counts":{"active":4,"inactive":1},"new_users":5,"avg_orders_per_user":1.2}
[2025-05-19 12:05:06] Підключення до бази даних успішне!
[2025-05-19 12:05:06] Отримуємо список замовлень: query=SELECT o.*, u.name, u.phone FROM orders o LEFT JOIN users u ON o.user_id = u.id ORDER BY o.order_date DESC
[2025-05-19 12:05:06] Помилка при отриманні замовлень: SQLSTATE[42S22]: Column not found: 1054 Unknown column 'o.order_date' in 'ORDER BY'
[2025-05-19 12:05:06] Підключення до бази даних успішне!
[2025-05-19 12:05:06] Отримуємо список користувачів: query=SELECT * FROM users ORDER BY created_at DESC
[2025-05-19 12:05:06] Знайдено користувачів: 5
[2025-05-19 12:05:06] Підключення до бази даних успішне!
[2025-05-19 12:05:06] Отримуємо список замовлень: query=SELECT o.*, u.name, u.phone FROM orders o LEFT JOIN users u ON o.user_id = u.id ORDER BY o.order_date DESC
[2025-05-19 12:05:06] Помилка при отриманні замовлень: SQLSTATE[42S22]: Column not found: 1054 Unknown column 'o.order_date' in 'ORDER BY'
[2025-05-19 12:05:06] Підключення до бази даних успішне!
[2025-05-19 12:05:06] Отримано статистику користувачів: {"total_users":5,"status_counts":{"active":4,"inactive":1},"new_users":5,"avg_orders_per_user":1.2}
[2025-05-19 12:06:58] Підключення до бази даних успішне!
[2025-05-19 12:06:58] Отримуємо знижки для type: regular
[2025-05-19 12:06:58] Знайдено знижок: 7
[2025-05-19 12:06:59] Підключення до бази даних успішне!
[2025-05-19 12:06:59] Отримуємо список користувачів: query=SELECT * FROM users ORDER BY created_at DESC
[2025-05-19 12:06:59] Знайдено користувачів: 5
[2025-05-19 12:06:59] Підключення до бази даних успішне!
[2025-05-19 12:06:59] Отримуємо список користувачів: query=SELECT * FROM users ORDER BY created_at DESC
[2025-05-19 12:06:59] Знайдено користувачів: 5
[2025-05-19 12:06:59] Підключення до бази даних успішне!
[2025-05-19 12:06:59] Отримано статистику користувачів: {"total_users":5,"status_counts":{"active":4,"inactive":1},"new_users":5,"avg_orders_per_user":1.2}
[2025-05-19 12:06:59] Підключення до бази даних успішне!
[2025-05-19 12:06:59] Отримуємо список замовлень: query=SELECT o.*, u.name, u.phone FROM orders o LEFT JOIN users u ON o.user_id = u.id ORDER BY o.order_date DESC
[2025-05-19 12:06:59] Знайдено замовлень: 6
[2025-05-19 12:07:00] Підключення до бази даних успішне!
[2025-05-19 12:07:00] Отримуємо список користувачів: query=SELECT * FROM users ORDER BY created_at DESC
[2025-05-19 12:07:00] Знайдено користувачів: 5
[2025-05-19 12:07:00] Підключення до бази даних успішне!
[2025-05-19 12:07:00] Отримуємо список замовлень: query=SELECT o.*, u.name, u.phone FROM orders o LEFT JOIN users u ON o.user_id = u.id ORDER BY o.order_date DESC
[2025-05-19 12:07:00] Знайдено замовлень: 6
[2025-05-19 12:07:00] Підключення до бази даних успішне!
[2025-05-19 12:07:00] Отримано статистику користувачів: {"total_users":5,"status_counts":{"active":4,"inactive":1},"new_users":5,"avg_orders_per_user":1.2}
[2025-05-19 12:08:09] Підключення до бази даних успішне!
[2025-05-19 12:08:09] Отримуємо список користувачів: query=SELECT * FROM users ORDER BY created_at DESC
[2025-05-19 12:08:09] Знайдено користувачів: 5
[2025-05-19 12:08:09] Підключення до бази даних успішне!
[2025-05-19 12:08:09] Отримано статистику користувачів: {"total_users":5,"status_counts":{"active":4,"inactive":1},"new_users":5,"avg_orders_per_user":1.2}
[2025-05-19 12:08:09] Підключення до бази даних успішне!
[2025-05-19 12:08:09] Отримуємо список замовлень: query=SELECT o.*, u.name, u.phone FROM orders o LEFT JOIN users u ON o.user_id = u.id ORDER BY o.order_date DESC
[2025-05-19 12:08:09] Знайдено замовлень: 6
[2025-05-19 12:08:10] Підключення до бази даних успішне!
[2025-05-19 12:08:10] Отримано статистику користувачів: {"total_users":5,"status_counts":{"active":4,"inactive":1},"new_users":5,"avg_orders_per_user":1.2}
[2025-05-19 12:08:12] Підключення до бази даних успішне!
[2025-05-19 12:08:12] Отримуємо список користувачів: query=SELECT * FROM users ORDER BY created_at DESC
[2025-05-19 12:08:12] Знайдено користувачів: 5
[2025-05-19 12:08:16] Підключення до бази даних успішне!
[2025-05-19 12:08:16] Отримуємо деталі користувача з id: 5
[2025-05-19 12:08:16] Знайдено замовлень для користувача 5: 0
[2025-05-19 12:09:04] Підключення до бази даних успішне!
[2025-05-19 12:09:04] Отримуємо знижки для type: regular
[2025-05-19 12:09:04] Знайдено знижок: 7
[2025-05-19 12:09:04] Підключення до бази даних успішне!
[2025-05-19 12:09:04] Отримуємо промокоди, знайдено: 3
[2025-05-19 12:09:17] Підключення до бази даних успішне!
[2025-05-19 12:09:17] Помилка: Відсутнє обов’язкове поле: order_type
[2025-05-19 12:10:06] Підключення до бази даних успішне!
[2025-05-19 12:10:06] Отримуємо знижки для type: regular
[2025-05-19 12:10:06] Знайдено знижок: 7
[2025-05-19 12:10:08] Підключення до бази даних успішне!
[2025-05-19 12:10:08] Отримуємо список користувачів: query=SELECT * FROM users ORDER BY created_at DESC
[2025-05-19 12:10:08] Знайдено користувачів: 5
[2025-05-19 12:10:08] Підключення до бази даних успішне!
[2025-05-19 12:10:08] Отримано статистику користувачів: {"total_users":5,"status_counts":{"active":4,"inactive":1},"new_users":5,"avg_orders_per_user":1.2}
[2025-05-19 12:10:08] Підключення до бази даних успішне!
[2025-05-19 12:10:08] Отримуємо список замовлень: query=SELECT * FROM orders ORDER BY created_at DESC
[2025-05-19 12:10:08] Знайдено замовлень: 6
[2025-05-19 12:10:08] Підключення до бази даних успішне!
[2025-05-19 12:10:08] Отримуємо список користувачів: query=SELECT * FROM users ORDER BY created_at DESC
[2025-05-19 12:10:08] Знайдено користувачів: 5
[2025-05-19 12:10:08] Підключення до бази даних успішне!
[2025-05-19 12:10:08] Отримуємо список замовлень: query=SELECT * FROM orders ORDER BY created_at DESC
[2025-05-19 12:10:08] Знайдено замовлень: 6
[2025-05-19 12:10:08] Підключення до бази даних успішне!
[2025-05-19 12:10:08] Отримано статистику користувачів: {"total_users":5,"status_counts":{"active":4,"inactive":1},"new_users":5,"avg_orders_per_user":1.2}
[2025-05-19 12:10:10] Підключення до бази даних успішне!
[2025-05-19 12:10:10] Отримуємо знижки для type: regular
[2025-05-19 12:10:10] Знайдено знижок: 7
[2025-05-19 12:10:14] Підключення до бази даних успішне!
[2025-05-19 12:10:14] Отримуємо знижки для type: window-cleaning
[2025-05-19 12:10:14] Знайдено знижок: 2
[2025-05-19 12:10:17] Підключення до бази даних успішне!
[2025-05-19 12:10:17] Отримані дані для знижки: date=2025-05-21, percentage=12, type=window-cleaning
[2025-05-19 12:10:17] Додаємо знижку 12% на 2025-05-21 для type: window-cleaning
[2025-05-19 12:10:17] Знижки немає, додаємо нову
[2025-05-19 12:10:17] Додано рядків: 1
[2025-05-19 12:10:17] Перевірка: Знижка знайдена в базі: date=2025-05-21, percentage=12, type=window-cleaning
[2025-05-19 12:10:18] Підключення до бази даних успішне!
[2025-05-19 12:10:18] Отримуємо знижки для type: window-cleaning
[2025-05-19 12:10:18] Знайдено знижок: 3
[2025-05-19 12:10:21] Підключення до бази даних успішне!
[2025-05-19 12:10:21] Отримуємо список користувачів: query=SELECT * FROM users ORDER BY created_at DESC
[2025-05-19 12:10:21] Знайдено користувачів: 5
[2025-05-19 12:10:21] Підключення до бази даних успішне!
[2025-05-19 12:10:21] Отримано статистику користувачів: {"total_users":5,"status_counts":{"active":4,"inactive":1},"new_users":5,"avg_orders_per_user":1.2}
[2025-05-19 12:10:21] Підключення до бази даних успішне!
[2025-05-19 12:10:21] Отримуємо список замовлень: query=SELECT * FROM orders ORDER BY created_at DESC
[2025-05-19 12:10:21] Знайдено замовлень: 6
[2025-05-19 12:10:22] Підключення до бази даних успішне!
[2025-05-19 12:10:22] Отримуємо список користувачів: query=SELECT * FROM users ORDER BY created_at DESC
[2025-05-19 12:10:22] Знайдено користувачів: 5
[2025-05-19 12:10:22] Підключення до бази даних успішне!
[2025-05-19 12:10:22] Отримуємо список замовлень: query=SELECT * FROM orders ORDER BY created_at DESC
[2025-05-19 12:10:22] Знайдено замовлень: 6
[2025-05-19 12:10:22] Підключення до бази даних успішне!
[2025-05-19 12:10:22] Отримано статистику користувачів: {"total_users":5,"status_counts":{"active":4,"inactive":1},"new_users":5,"avg_orders_per_user":1.2}
[2025-05-19 12:10:28] Підключення до бази даних успішне!
[2025-05-19 12:10:28] Отримуємо список користувачів: query=SELECT * FROM users ORDER BY created_at DESC
[2025-05-19 12:10:28] Знайдено користувачів: 5
[2025-05-19 12:10:32] Підключення до бази даних успішне!
[2025-05-19 12:10:32] Отримуємо деталі користувача з id: 5
[2025-05-19 12:10:32] Знайдено замовлень для користувача 5: 0
[2025-05-19 12:10:34] Підключення до бази даних успішне!
[2025-05-19 12:10:34] Отримуємо список користувачів: query=SELECT * FROM users ORDER BY created_at DESC
[2025-05-19 12:10:34] Знайдено користувачів: 5
[2025-05-19 12:10:35] Підключення до бази даних успішне!
[2025-05-19 12:10:35] Отримуємо деталі користувача з id: 2
[2025-05-19 12:10:35] Знайдено замовлень для користувача 2: 0
[2025-05-19 12:10:42] Підключення до бази даних успішне!
[2025-05-19 12:10:42] Отримуємо список користувачів: query=SELECT * FROM users ORDER BY created_at DESC
[2025-05-19 12:10:42] Знайдено користувачів: 5
[2025-05-19 12:10:45] Підключення до бази даних успішне!
[2025-05-19 12:10:45] Отримуємо деталі користувача з id: 7
[2025-05-19 12:10:45] Знайдено замовлень для користувача 7: 0
[2025-05-19 12:10:47] Підключення до бази даних успішне!
[2025-05-19 12:10:47] Отримуємо знижки для type: window-cleaning
[2025-05-19 12:10:47] Знайдено знижок: 3
[2025-05-19 12:10:57] Підключення до бази даних успішне!
[2025-05-19 12:10:57] Отримуємо список користувачів: query=SELECT * FROM users ORDER BY created_at DESC
[2025-05-19 12:10:57] Знайдено користувачів: 5
[2025-05-19 12:10:57] Підключення до бази даних успішне!
[2025-05-19 12:10:57] Отримано статистику користувачів: {"total_users":5,"status_counts":{"active":4,"inactive":1},"new_users":5,"avg_orders_per_user":1.2}
[2025-05-19 12:10:57] Підключення до бази даних успішне!
[2025-05-19 12:10:57] Отримуємо список замовлень: query=SELECT * FROM orders ORDER BY created_at DESC
[2025-05-19 12:10:57] Знайдено замовлень: 6
[2025-05-19 12:10:57] Підключення до бази даних успішне!
[2025-05-19 12:10:57] Отримуємо список користувачів: query=SELECT * FROM users ORDER BY created_at DESC
[2025-05-19 12:10:57] Знайдено користувачів: 5
[2025-05-19 12:10:57] Підключення до бази даних успішне!
[2025-05-19 12:10:57] Отримуємо список замовлень: query=SELECT * FROM orders ORDER BY created_at DESC
[2025-05-19 12:10:57] Знайдено замовлень: 6
[2025-05-19 12:10:57] Підключення до бази даних успішне!
[2025-05-19 12:10:57] Отримано статистику користувачів: {"total_users":5,"status_counts":{"active":4,"inactive":1},"new_users":5,"avg_orders_per_user":1.2}
[2025-05-19 12:10:59] Підключення до бази даних успішне!
[2025-05-19 12:10:59] Отримуємо список користувачів: query=SELECT * FROM users ORDER BY created_at DESC
[2025-05-19 12:10:59] Знайдено користувачів: 5
[2025-05-19 12:11:02] Підключення до бази даних успішне!
[2025-05-19 12:11:02] Отримуємо список користувачів: query=SELECT * FROM users ORDER BY created_at DESC
[2025-05-19 12:11:02] Знайдено користувачів: 5
[2025-05-19 12:11:02] Підключення до бази даних успішне!
[2025-05-19 12:11:02] Отримуємо список користувачів: query=SELECT * FROM users ORDER BY created_at DESC
[2025-05-19 12:11:02] Знайдено користувачів: 5
[2025-05-19 12:11:02] Підключення до бази даних успішне!
[2025-05-19 12:11:02] Отримано статистику користувачів: {"total_users":5,"status_counts":{"active":4,"inactive":1},"new_users":5,"avg_orders_per_user":1.2}
[2025-05-19 12:11:02] Підключення до бази даних успішне!
[2025-05-19 12:11:02] Отримуємо список замовлень: query=SELECT * FROM orders ORDER BY created_at DESC
[2025-05-19 12:11:02] Знайдено замовлень: 6
[2025-05-19 12:11:02] Підключення до бази даних успішне!
[2025-05-19 12:11:02] Отримуємо список користувачів: query=SELECT * FROM users ORDER BY created_at DESC
[2025-05-19 12:11:02] Знайдено користувачів: 5
[2025-05-19 12:11:02] Підключення до бази даних успішне!
[2025-05-19 12:11:02] Отримуємо список замовлень: query=SELECT * FROM orders ORDER BY created_at DESC
[2025-05-19 12:11:03] Знайдено замовлень: 6
[2025-05-19 12:11:03] Підключення до бази даних успішне!
[2025-05-19 12:11:03] Отримано статистику користувачів: {"total_users":5,"status_counts":{"active":4,"inactive":1},"new_users":5,"avg_orders_per_user":1.2}
[2025-05-19 12:11:05] Підключення до бази даних успішне!
[2025-05-19 12:11:05] Отримуємо деталі користувача з id: 6
[2025-05-19 12:11:05] Знайдено замовлень для користувача 6: 0
[2025-05-19 12:11:22] Підключення до бази даних успішне!
[2025-05-19 12:11:22] Оновлюємо замовлення з id: 2
[2025-05-19 12:11:22] Замовлення з id 2 оновлено
[2025-05-19 12:11:22] Підключення до бази даних успішне!
[2025-05-19 12:11:22] Отримуємо список замовлень: query=SELECT * FROM orders ORDER BY created_at DESC
[2025-05-19 12:11:22] Знайдено замовлень: 6
[2025-05-19 12:11:29] Підключення до бази даних успішне!
[2025-05-19 12:11:29] Отримуємо список користувачів: query=SELECT * FROM users ORDER BY created_at DESC
[2025-05-19 12:11:29] Знайдено користувачів: 5
[2025-05-19 12:16:02] Підключення до бази даних успішне!
[2025-05-19 12:16:02] Отримуємо список замовлень: query=SELECT * FROM orders ORDER BY created_at DESC
[2025-05-19 12:16:02] Знайдено замовлень: 6
[2025-05-19 12:16:02] Підключення до бази даних успішне!
[2025-05-19 12:16:02] Отримано статистику користувачів: {"total_users":5,"status_counts":{"active":4,"inactive":1},"new_users":5,"avg_orders_per_user":1.2}
[2025-05-19 12:16:02] Підключення до бази даних успішне!
[2025-05-19 12:16:02] Отримуємо список користувачів: query=SELECT * FROM users ORDER BY created_at DESC
[2025-05-19 12:16:03] Знайдено користувачів: 5
[2025-05-19 12:18:39] Підключення до бази даних успішне!
[2025-05-19 12:18:39] Отримуємо список користувачів: query=SELECT * FROM users ORDER BY created_at DESC
[2025-05-19 12:18:39] Знайдено користувачів: 5
[2025-05-19 12:18:39] Підключення до бази даних успішне!
[2025-05-19 12:18:40] Отримано статистику користувачів: {"total_users":5,"status_counts":{"active":4,"inactive":1},"new_users":5,"avg_orders_per_user":1.2}
[2025-05-19 12:18:40] Підключення до бази даних успішне!
[2025-05-19 12:18:40] Отримуємо список замовлень: query=SELECT * FROM orders ORDER BY order_date DESC
[2025-05-19 12:18:40] Знайдено замовлень: 6
[2025-05-19 12:18:40] Підключення до бази даних успішне!
[2025-05-19 12:18:40] Отримуємо список користувачів: query=SELECT * FROM users ORDER BY created_at DESC
[2025-05-19 12:18:40] Знайдено користувачів: 5
[2025-05-19 12:18:40] Підключення до бази даних успішне!
[2025-05-19 12:18:40] Отримуємо список замовлень: query=SELECT * FROM orders ORDER BY order_date DESC
[2025-05-19 12:18:40] Знайдено замовлень: 6
[2025-05-19 12:18:40] Підключення до бази даних успішне!
[2025-05-19 12:18:40] Отримано статистику користувачів: {"total_users":5,"status_counts":{"active":4,"inactive":1},"new_users":5,"avg_orders_per_user":1.2}
[2025-05-19 12:18:49] Підключення до бази даних успішне!
[2025-05-19 12:18:49] Отримуємо список користувачів: query=SELECT * FROM users ORDER BY created_at DESC
[2025-05-19 12:18:49] Знайдено користувачів: 5
[2025-05-19 12:18:52] Підключення до бази даних успішне!
[2025-05-19 12:18:52] Отримуємо деталі користувача з id: 5
[2025-05-19 12:18:52] Знайдено замовлень для користувача 5: 0
[2025-05-19 12:19:21] Підключення до бази даних успішне!
[2025-05-19 12:19:21] Отримуємо список користувачів: query=SELECT * FROM users ORDER BY created_at DESC
[2025-05-19 12:19:21] Знайдено користувачів: 5
[2025-05-19 12:19:21] Підключення до бази даних успішне!
[2025-05-19 12:19:21] Отримано статистику користувачів: {"total_users":5,"status_counts":{"active":4,"inactive":1},"new_users":5,"avg_orders_per_user":1.2}
[2025-05-19 12:19:21] Підключення до бази даних успішне!
[2025-05-19 12:19:21] Отримуємо список замовлень: query=SELECT * FROM orders ORDER BY order_date DESC
[2025-05-19 12:19:21] Знайдено замовлень: 6
[2025-05-19 12:19:22] Підключення до бази даних успішне!
[2025-05-19 12:19:22] Отримуємо список користувачів: query=SELECT * FROM users ORDER BY created_at DESC
[2025-05-19 12:19:22] Знайдено користувачів: 5
[2025-05-19 12:19:22] Підключення до бази даних успішне!
[2025-05-19 12:19:22] Отримуємо список замовлень: query=SELECT * FROM orders ORDER BY order_date DESC
[2025-05-19 12:19:22] Знайдено замовлень: 6
[2025-05-19 12:19:22] Підключення до бази даних успішне!
[2025-05-19 12:19:22] Отримано статистику користувачів: {"total_users":5,"status_counts":{"active":4,"inactive":1},"new_users":5,"avg_orders_per_user":1.2}
[2025-05-19 12:19:57] Підключення до бази даних успішне!
[2025-05-19 12:19:57] Отримуємо знижки для type: regular
[2025-05-19 12:19:57] Знайдено знижок: 7
[2025-05-19 12:19:59] Підключення до бази даних успішне!
[2025-05-19 12:19:59] Отримуємо знижки для type: private-house
[2025-05-19 12:19:59] Знайдено знижок: 3
[2025-05-19 12:20:03] Підключення до бази даних успішне!
[2025-05-19 12:20:03] Отримані дані для знижки: date=2025-05-14, percentage=20, type=private-house
[2025-05-19 12:20:03] Додаємо знижку 20% на 2025-05-14 для type: private-house
[2025-05-19 12:20:03] Знижки немає, додаємо нову
[2025-05-19 12:20:03] Додано рядків: 1
[2025-05-19 12:20:03] Перевірка: Знижка знайдена в базі: date=2025-05-14, percentage=20, type=private-house
[2025-05-19 12:20:03] Підключення до бази даних успішне!
[2025-05-19 12:20:03] Отримуємо знижки для type: private-house
[2025-05-19 12:20:03] Знайдено знижок: 4
[2025-05-19 12:20:10] Підключення до бази даних успішне!
[2025-05-19 12:20:10] Отримуємо знижки для type: private-house
[2025-05-19 12:20:10] Знайдено знижок: 4
[2025-05-19 12:20:48] Підключення до бази даних успішне!
[2025-05-19 12:20:48] Помилка: Відсутнє обов’язкове поле: total_price
[2025-05-19 12:24:31] Підключення до бази даних успішне!
[2025-05-19 12:24:31] Отримуємо знижки для type: regular
[2025-05-19 12:24:31] Знайдено знижок: 7
[2025-05-19 12:24:32] Підключення до бази даних успішне!
[2025-05-19 12:24:32] Отримуємо список користувачів: query=SELECT * FROM users ORDER BY created_at DESC
[2025-05-19 12:24:32] Знайдено користувачів: 6
[2025-05-19 12:24:32] Підключення до бази даних успішне!
[2025-05-19 12:24:32] Отримано статистику користувачів: {"total_users":6,"status_counts":{"active":5,"inactive":1},"new_users":6,"avg_orders_per_user":1}
[2025-05-19 12:24:32] Підключення до бази даних успішне!
[2025-05-19 12:24:32] Отримуємо список замовлень: query=SELECT * FROM orders ORDER BY order_date DESC
[2025-05-19 12:24:32] Знайдено замовлень: 6
[2025-05-19 12:24:32] Підключення до бази даних успішне!
[2025-05-19 12:24:32] Отримуємо список користувачів: query=SELECT * FROM users ORDER BY created_at DESC
[2025-05-19 12:24:32] Знайдено користувачів: 6
[2025-05-19 12:24:32] Підключення до бази даних успішне!
[2025-05-19 12:24:32] Отримуємо список замовлень: query=SELECT * FROM orders ORDER BY order_date DESC
[2025-05-19 12:24:32] Знайдено замовлень: 6
[2025-05-19 12:24:32] Підключення до бази даних успішне!
[2025-05-19 12:24:32] Отримано статистику користувачів: {"total_users":6,"status_counts":{"active":5,"inactive":1},"new_users":6,"avg_orders_per_user":1}
[2025-05-19 12:24:49] Підключення до бази даних успішне!
[2025-05-19 12:24:49] Отримуємо список користувачів: query=SELECT * FROM users ORDER BY created_at DESC
[2025-05-19 12:24:49] Знайдено користувачів: 6
[2025-05-19 12:24:56] Підключення до бази даних успішне!
[2025-05-19 12:24:56] Отримуємо деталі користувача з id: 8
[2025-05-19 12:24:56] Знайдено замовлень для користувача 8: 6
[2025-05-19 12:25:05] Підключення до бази даних успішне!
[2025-05-19 12:25:05] Отримуємо список користувачів: query=SELECT * FROM users ORDER BY created_at DESC
[2025-05-19 12:25:05] Знайдено користувачів: 6
[2025-05-19 12:25:06] Підключення до бази даних успішне!
[2025-05-19 12:25:06] Отримуємо деталі користувача з id: 5
[2025-05-19 12:25:06] Знайдено замовлень для користувача 5: 0
