[2025-05-20 15:55:47] Підключення до бази даних успішне!
[2025-05-20 15:55:47] Перевірка користувача в базі даних...
[2025-05-20 15:55:47] Користувач +48572245574 знайдений
[2025-05-20 15:55:47] Збереження коду в базі даних...
[2025-05-20 15:55:47] Код успішно збережено, додано рядків: 1
[2025-05-20 15:55:47] Перевірка: Код знайдено в базі: {"id":48,"phone":"+48572245574","code":"460519","created_at":"2025-05-20 15:55:47"}
[2025-05-20 15:55:47] Відправка SMS...
[2025-05-20 15:55:48] SMS надіслано на +48572245574, код: 460519, userExists: true
[2025-05-20 15:56:07] Підключення до бази даних успішне!
[2025-05-20 15:56:07] Перевірка коду в базі даних...
[2025-05-20 15:56:07] Видалення коду з бази даних...
[2025-05-20 15:56:07] Код видалено
[2025-05-20 15:56:07] Перевірка користувача...
[2025-05-20 15:56:07] Користувач уже існує: +48572245574
[2025-05-20 15:56:07] Оновлено last_login для користувача: +48572245574
[2025-05-20 19:20:12] Підключення до бази даних успішне!
[2025-05-20 19:20:12] Перевірка користувача в базі даних...
[2025-05-20 19:20:12] Користувач +48572245574 знайдений
[2025-05-20 19:20:12] Збереження коду в базі даних...
[2025-05-20 19:20:12] Код успішно збережено, додано рядків: 1
[2025-05-20 19:20:12] Перевірка: Код знайдено в базі: {"id":49,"phone":"+48572245574","code":"391357","created_at":"2025-05-20 19:20:12"}
[2025-05-20 19:20:12] Відправка SMS...
[2025-05-20 19:20:13] SMS надіслано на +48572245574, код: 391357, userExists: true
[2025-05-20 19:20:23] Підключення до бази даних успішне!
[2025-05-20 19:20:23] Отримуємо список користувачів: query=SELECT * FROM users ORDER BY created_at DESC
[2025-05-20 19:20:24] Знайдено користувачів: 1
[2025-05-20 19:20:24] Підключення до бази даних успішне!
[2025-05-20 19:20:24] Отримано статистику користувачів: {"total_users":1,"status_counts":{"active":1},"new_users":1,"avg_orders_per_user":1}
[2025-05-20 19:20:24] Підключення до бази даних успішне!
[2025-05-20 19:20:24] Отримуємо список замовлень: query=SELECT * FROM orders ORDER BY created_at DESC
[2025-05-20 19:20:24] Знайдено замовлень: 1
[2025-05-20 19:20:24] Підключення до бази даних успішне!
[2025-05-20 19:20:24] Отримуємо список користувачів: query=SELECT * FROM users ORDER BY created_at DESC
[2025-05-20 19:20:24] Знайдено користувачів: 1
[2025-05-20 19:20:24] Підключення до бази даних успішне!
[2025-05-20 19:20:25] Отримано статистику користувачів: {"total_users":1,"status_counts":{"active":1},"new_users":1,"avg_orders_per_user":1}
[2025-05-20 19:20:25] Підключення до бази даних успішне!
[2025-05-20 19:20:25] Отримуємо список замовлень: query=SELECT * FROM orders ORDER BY created_at DESC
[2025-05-20 19:20:25] Знайдено замовлень: 1
[2025-05-20 22:25:19] Підключення до бази даних успішне!
[2025-05-20 22:25:20] Admin admin увійшов
[2025-05-20 22:25:23] Підключення до бази даних успішне!
[2025-05-20 22:25:23] Отримуємо список користувачів: query=SELECT * FROM users ORDER BY created_at DESC
[2025-05-20 22:25:23] Знайдено користувачів: 0
[2025-05-20 22:25:23] Підключення до бази даних успішне!
[2025-05-20 22:25:24] Отримано статистику користувачів: {"total_users":0,"status_counts":[],"new_users":0,"avg_orders_per_user":0}
[2025-05-20 22:25:24] Підключення до бази даних успішне!
[2025-05-20 22:25:24] Отримуємо список замовлень: query=SELECT * FROM orders ORDER BY created_at DESC
[2025-05-20 22:25:24] Знайдено замовлень: 0
[2025-05-20 22:25:24] Підключення до бази даних успішне!
[2025-05-20 22:25:24] Отримуємо список користувачів: query=SELECT * FROM users ORDER BY created_at DESC
[2025-05-20 22:25:24] Знайдено користувачів: 0
[2025-05-20 22:25:24] Підключення до бази даних успішне!
[2025-05-20 22:25:24] Отримано статистику користувачів: {"total_users":0,"status_counts":[],"new_users":0,"avg_orders_per_user":0}
[2025-05-20 22:25:25] Підключення до бази даних успішне!
[2025-05-20 22:25:25] Отримуємо список замовлень: query=SELECT * FROM orders ORDER BY created_at DESC
[2025-05-20 22:25:25] Знайдено замовлень: 0
[2025-05-20 22:25:26] Підключення до бази даних успішне!
[2025-05-20 22:25:26] Отримуємо список користувачів: query=SELECT * FROM users ORDER BY created_at DESC
[2025-05-20 22:25:26] Знайдено користувачів: 0
[2025-05-20 22:26:01] Підключення до бази даних успішне!
[2025-05-20 22:26:01] Отримуємо знижки для type: office-cleaning
[2025-05-20 22:26:01] Знайдено знижок: 0
[2025-05-20 22:26:09] Підключення до бази даних успішне!
[2025-05-20 22:26:09] Отримуємо знижки для type: window-cleaning
[2025-05-20 22:26:09] Знайдено знижок: 3
[2025-05-20 22:26:39] Підключення до бази даних успішне!
[2025-05-20 22:26:39] Вхідні дані для створення замовлення: {"order_type":"window_cleaning","windows":7,"balconies":1,"totalPrice":"305.00","selectedDate":"2025-05-21T22:00:00.000Z","selectedTime":"12:00","city":"Warszawa","address":{"street":"Edwarda habicha","postalCode":"02-495","houseNumber":"45","apartmentNumber":"13","building":"q","floor":"w","intercomCode":"wewewewe"},"clientInfo":{"clientType":"private","name":"wqewewewqewqe","phone":"796644039","email":"Oleksiitiktok@gmail.com","additionalInfo":"wewewe"},"payment_status":"pending"}
[2025-05-20 22:26:39] Помилка: Відсутнє обов’язкове поле: total_price
[2025-05-20 22:26:52] Підключення до бази даних успішне!
[2025-05-20 22:26:52] Отримуємо знижки для type: regular
[2025-05-20 22:26:52] Знайдено знижок: 7
[2025-05-20 22:26:52] Підключення до бази даних успішне!
[2025-05-20 22:26:52] Отримуємо промокоди, знайдено: 4
[2025-05-20 22:26:55] Підключення до бази даних успішне!
[2025-05-20 22:26:55] Отримуємо знижки для type: regular
[2025-05-20 22:26:55] Знайдено знижок: 7
[2025-05-20 22:26:55] Підключення до бази даних успішне!
[2025-05-20 22:26:55] Отримуємо промокоди, знайдено: 4
[2025-05-20 22:27:37] Підключення до бази даних успішне!
[2025-05-20 22:27:37] Вхідні дані для створення замовлення: {"order_type":"apartment","total_price":249.21,"city":"Warszawa","address":{"street":"Edwarda Habicha","postal_code":"02-495","house_number":"18\/45","apartment_number":"45","building":"qw","floor":"w","intercom_code":"qwewew"},"client_info":{"name":"qwewewe","phone":"796238044","email":"gamesdashev@gmail.com","additional_info":"","client_type":"Osoba prywatna"},"payment_status":"pending","rooms":2,"bathrooms":1,"kitchen":true,"kitchen_annex":false,"vacuum_needed":false,"selected_services":[{"name":"Mycie okapu","price":32,"quantity":true}],"selected_date":"2025-05-28","selected_time":"9:00","cleaning_frequency":"Raz w miesi\u0105cu"}
[2025-05-20 22:27:37] Дані client_info: {"name":"qwewewe","phone":"796238044","email":"gamesdashev@gmail.com","additional_info":"","client_type":"Osoba prywatna"}
[2025-05-20 22:27:37] Витягнуті значення: clientName=qwewewe, clientPhone=796238044, clientEmail=gamesdashev@gmail.com, clientType=Osoba prywatna
[2025-05-20 22:27:37] Перевірка користувача: normalized_phone=796238044, email=gamesdashev@gmail.com
[2025-05-20 22:27:37] Створюємо нового користувача...
[2025-05-20 22:27:37] Створено нового користувача: user_id=37, phone=796238044, email=gamesdashev@gmail.com
[2025-05-20 22:27:37] Тип замовлення: apartment
[2025-05-20 22:27:37] Поля замовлення: rooms=2, bathrooms=1, kitchen=1, kitchen_annex=, vacuum_needed=, selected_services=[{"name":"Mycie okapu","price":32,"quantity":true}], cleaning_frequency=Raz w miesiącu, selected_date=2025-05-28, selected_time=9:00, order_date=2025-05-28 9:00:00, details=null
[2025-05-20 22:27:37] SQL-запит для створення замовлення: INSERT INTO orders (order_type, total_price, city, address, client_info, payment_status, status, created_at, user_id, service_type, order_date, client_type, rooms, bathrooms, kitchen, kitchen_annex, vacuum_needed, selected_services, cleaning_frequency, selected_date, selected_time) VALUES (?, ?, ?, ?, ?, ?, ?, ?, ?, ?, ?, ?, ?, ?, ?, ?, ?, ?, ?, ?, ?)
[2025-05-20 22:27:37] Замовлення створено з ID: 52
[2025-05-20 22:27:37] Підключення до бази даних успішне!
[2025-05-20 22:27:38] Платіж створено, redirectUri: https://secure.payu.com/pay/?orderId=V4SG3LX7F8250520GUEST000P01&token=eyJhbGciOiJIUzI1NiJ9.eyJvcmRlcklkIjoiVjRTRzNMWDdGODI1MDUyMEdVRVNUMDAwUDAxIiwicG9zSWQiOiJNWHBwekptZCIsImF1dGhvcml0aWVzIjpbIlJPTEVfQ0xJRU5UIl0sInBheWVyRW1haWwiOiJnYW1lc2Rhc2hldkBnbWFpbC5jb20iLCJleHAiOjE3NDc4NTkyNTgsImlzcyI6IlBBWVUiLCJhdWQiOiJhcGktZ2F0ZXdheSIsInN1YiI6IlBheVUgc3ViamVjdCIsImp0aSI6IjM1ODBiMmVhLTk0MWYtNGEzYy1hZWFjLWJmYjA3YWE1YjViNCJ9.Xu7wesGM2q_iR1hmm1dKSFpup1FAfTmjTPdgFKP28zQ
[2025-05-20 22:27:59] Підключення до бази даних успішне!
[2025-05-20 22:27:59] Отримуємо список користувачів: query=SELECT * FROM users ORDER BY created_at DESC
[2025-05-20 22:27:59] Знайдено користувачів: 1
[2025-05-20 22:27:59] Підключення до бази даних успішне!
[2025-05-20 22:28:00] Отримано статистику користувачів: {"total_users":1,"status_counts":{"active":1},"new_users":1,"avg_orders_per_user":1}
[2025-05-20 22:28:00] Підключення до бази даних успішне!
[2025-05-20 22:28:00] Отримуємо список замовлень: query=SELECT * FROM orders ORDER BY created_at DESC
[2025-05-20 22:28:00] Знайдено замовлень: 1
[2025-05-20 22:28:00] Підключення до бази даних успішне!
[2025-05-20 22:28:00] Отримуємо список користувачів: query=SELECT * FROM users ORDER BY created_at DESC
[2025-05-20 22:28:00] Знайдено користувачів: 1
[2025-05-20 22:28:00] Підключення до бази даних успішне!
[2025-05-20 22:28:01] Отримано статистику користувачів: {"total_users":1,"status_counts":{"active":1},"new_users":1,"avg_orders_per_user":1}
[2025-05-20 22:28:01] Підключення до бази даних успішне!
[2025-05-20 22:28:01] Отримуємо список замовлень: query=SELECT * FROM orders ORDER BY created_at DESC
[2025-05-20 22:28:01] Знайдено замовлень: 1
[2025-05-20 22:28:06] Підключення до бази даних успішне!
[2025-05-20 22:28:06] Отримуємо список користувачів: query=SELECT * FROM users ORDER BY created_at DESC
[2025-05-20 22:28:06] Знайдено користувачів: 1
[2025-05-20 22:28:20] Підключення до бази даних успішне!
[2025-05-20 22:28:20] Отримуємо знижки для type: regular
[2025-05-20 22:28:20] Знайдено знижок: 7
[2025-05-20 22:28:20] Підключення до бази даних успішне!
[2025-05-20 22:28:20] Отримуємо промокоди, знайдено: 4
[2025-05-20 22:28:23] Підключення до бази даних успішне!
[2025-05-20 22:28:23] Отримуємо знижки для type: regular
[2025-05-20 22:28:23] Знайдено знижок: 7
[2025-05-20 22:28:23] Підключення до бази даних успішне!
[2025-05-20 22:28:23] Отримуємо промокоди, знайдено: 4
[2025-05-20 22:29:25] Підключення до бази даних успішне!
[2025-05-20 22:29:25] Отримуємо знижки для type: post-renovation
[2025-05-20 22:29:25] Знайдено знижок: 2
[2025-05-20 22:32:59] Підключення до бази даних успішне!
[2025-05-20 22:32:59] Отримуємо список користувачів: query=SELECT * FROM users ORDER BY created_at DESC
[2025-05-20 22:32:59] Знайдено користувачів: 1
[2025-05-20 22:32:59] Підключення до бази даних успішне!
[2025-05-20 22:33:00] Отримано статистику користувачів: {"total_users":1,"status_counts":{"active":1},"new_users":1,"avg_orders_per_user":1}
[2025-05-20 22:33:00] Підключення до бази даних успішне!
[2025-05-20 22:33:00] Отримуємо список замовлень: query=SELECT * FROM orders ORDER BY created_at DESC
[2025-05-20 22:33:00] Знайдено замовлень: 1
[2025-05-20 22:33:27] Підключення до бази даних успішне!
[2025-05-20 22:33:27] Отримуємо знижки для type: post-renovation
[2025-05-20 22:33:27] Знайдено знижок: 2
[2025-05-20 22:38:00] Підключення до бази даних успішне!
[2025-05-20 22:38:00] Отримуємо список користувачів: query=SELECT * FROM users ORDER BY created_at DESC
[2025-05-20 22:38:00] Знайдено користувачів: 0
[2025-05-20 22:38:00] Підключення до бази даних успішне!
[2025-05-20 22:38:00] Отримано статистику користувачів: {"total_users":0,"status_counts":[],"new_users":0,"avg_orders_per_user":0}
[2025-05-20 22:38:00] Підключення до бази даних успішне!
[2025-05-20 22:38:00] Отримуємо список замовлень: query=SELECT * FROM orders ORDER BY created_at DESC
[2025-05-20 22:38:00] Знайдено замовлень: 0
[2025-05-20 22:43:00] Підключення до бази даних успішне!
[2025-05-20 22:43:00] Отримуємо список користувачів: query=SELECT * FROM users ORDER BY created_at DESC
[2025-05-20 22:43:00] Знайдено користувачів: 0
[2025-05-20 22:43:00] Підключення до бази даних успішне!
[2025-05-20 22:43:00] Отримано статистику користувачів: {"total_users":0,"status_counts":[],"new_users":0,"avg_orders_per_user":0}
[2025-05-20 22:43:00] Підключення до бази даних успішне!
[2025-05-20 22:43:00] Отримуємо список замовлень: query=SELECT * FROM orders ORDER BY created_at DESC
[2025-05-20 22:43:00] Знайдено замовлень: 0
[2025-05-20 22:45:27] Підключення до бази даних успішне!
[2025-05-20 22:45:27] Отримуємо знижки для type: post-renovation
[2025-05-20 22:45:27] Знайдено знижок: 2
[2025-05-20 22:45:31] Підключення до бази даних успішне!
[2025-05-20 22:45:31] Отримуємо знижки для type: regular
[2025-05-20 22:45:31] Знайдено знижок: 7
[2025-05-20 22:45:31] Підключення до бази даних успішне!
[2025-05-20 22:45:31] Отримуємо промокоди, знайдено: 4
[2025-05-20 22:45:32] Підключення до бази даних успішне!
[2025-05-20 22:45:32] Отримуємо знижки для type: post-renovation
[2025-05-20 22:45:32] Знайдено знижок: 2
[2025-05-20 22:46:29] Підключення до бази даних успішне!
[2025-05-20 22:46:29] Вхідні дані для створення замовлення: {"order_type":"renovation","area":100,"windows":10,"total_price":994.4,"selected_date":"2025-05-28","selected_time":"7:30","city":"Piast\u00f3w","address":{"street":"Edwarda Habicha","postal_code":"02-495","house_number":"18\/45","apartment_number":"15","building":"2","floor":"3","intercom_code":"234343423423"},"client_info":{"client_type":"Osoba prywatna","name":"\u0442\u0435\u0441\u0442 \u0440\u0435\u043c\u043e\u043d\u0442","phone":"796238044","email":"gamesdashev@gmail.com","additional_info":"\u0442\u0435\u0441\u0442 \u0442\u0435\u043a\u0441\u0442\u0430 "},"payment_status":"pending"}
[2025-05-20 22:46:29] Дані client_info: {"client_type":"Osoba prywatna","name":"\u0442\u0435\u0441\u0442 \u0440\u0435\u043c\u043e\u043d\u0442","phone":"796238044","email":"gamesdashev@gmail.com","additional_info":"\u0442\u0435\u0441\u0442 \u0442\u0435\u043a\u0441\u0442\u0430 "}
[2025-05-20 22:46:29] Витягнуті значення: clientName=тест ремонт, clientPhone=796238044, clientEmail=gamesdashev@gmail.com, clientType=Osoba prywatna
[2025-05-20 22:46:29] Перевірка користувача: normalized_phone=796238044, email=gamesdashev@gmail.com
[2025-05-20 22:46:29] Створюємо нового користувача...
[2025-05-20 22:46:29] Створено нового користувача: user_id=38, phone=796238044, email=gamesdashev@gmail.com
[2025-05-20 22:46:29] Тип замовлення: renovation
[2025-05-20 22:46:29] Поля замовлення: rooms=null, bathrooms=null, kitchen=null, kitchen_annex=null, vacuum_needed=null, selected_services=null, cleaning_frequency=null, selected_date=2025-05-28, selected_time=7:30, order_date=2025-05-28 7:30:00, details=null
[2025-05-20 22:46:29] SQL-запит для створення замовлення: INSERT INTO orders (order_type, total_price, city, address, client_info, payment_status, status, created_at, user_id, service_type, order_date, area, windows, client_type, selected_date, selected_time) VALUES (?, ?, ?, ?, ?, ?, ?, ?, ?, ?, ?, ?, ?, ?, ?, ?)
[2025-05-20 22:46:29] Замовлення створено з ID: 53
[2025-05-20 22:46:29] Підключення до бази даних успішне!
[2025-05-20 22:46:29] Ендпоінт не знайдено: /api/create-payu-payment, метод: POST
[2025-05-20 22:46:57] Підключення до бази даних успішне!
[2025-05-20 22:46:57] Отримуємо промокоди, знайдено: 4
[2025-05-20 22:46:57] Підключення до бази даних успішне!
[2025-05-20 22:46:57] Отримуємо список користувачів: query=SELECT * FROM users ORDER BY created_at DESC
[2025-05-20 22:46:57] Знайдено користувачів: 1
[2025-05-20 22:46:58] Підключення до бази даних успішне!
[2025-05-20 22:46:58] Отримано статистику користувачів: {"total_users":1,"status_counts":{"active":1},"new_users":1,"avg_orders_per_user":1}
[2025-05-20 22:46:58] Підключення до бази даних успішне!
[2025-05-20 22:46:58] Отримуємо список замовлень: query=SELECT * FROM orders ORDER BY created_at DESC
[2025-05-20 22:46:58] Знайдено замовлень: 1
[2025-05-20 22:46:58] Підключення до бази даних успішне!
[2025-05-20 22:46:58] Отримуємо список користувачів: query=SELECT * FROM users ORDER BY created_at DESC
[2025-05-20 22:46:58] Знайдено користувачів: 1
[2025-05-20 22:46:59] Підключення до бази даних успішне!
[2025-05-20 22:46:59] Отримано статистику користувачів: {"total_users":1,"status_counts":{"active":1},"new_users":1,"avg_orders_per_user":1}
[2025-05-20 22:46:59] Підключення до бази даних успішне!
[2025-05-20 22:46:59] Отримуємо список замовлень: query=SELECT * FROM orders ORDER BY created_at DESC
[2025-05-20 22:46:59] Знайдено замовлень: 1
[2025-05-20 22:46:59] Підключення до бази даних успішне!
[2025-05-20 22:46:59] Отримуємо список користувачів: query=SELECT * FROM users ORDER BY created_at DESC
[2025-05-20 22:46:59] Знайдено користувачів: 1
[2025-05-20 22:50:59] Підключення до бази даних успішне!
[2025-05-20 22:50:59] Вхідні дані для створення замовлення: {"order_type":"renovation","area":100,"windows":10,"total_price":994.4,"selected_date":"2025-05-28","selected_time":"7:30","city":"Piast\u00f3w","address":{"street":"Edwarda Habicha","postal_code":"02-495","house_number":"18\/45","apartment_number":"15","building":"2","floor":"3","intercom_code":"234343423423"},"client_info":{"client_type":"Osoba prywatna","name":"\u0442\u0435\u0441\u0442 \u0440\u0435\u043c\u043e\u043d\u0442","phone":"796238044","email":"gamesdashev@gmail.com","additional_info":"\u0442\u0435\u0441\u0442 \u0442\u0435\u043a\u0441\u0442\u0430 "},"payment_status":"pending"}
[2025-05-20 22:50:59] Дані client_info: {"client_type":"Osoba prywatna","name":"\u0442\u0435\u0441\u0442 \u0440\u0435\u043c\u043e\u043d\u0442","phone":"796238044","email":"gamesdashev@gmail.com","additional_info":"\u0442\u0435\u0441\u0442 \u0442\u0435\u043a\u0441\u0442\u0430 "}
[2025-05-20 22:50:59] Витягнуті значення: clientName=тест ремонт, clientPhone=796238044, clientEmail=gamesdashev@gmail.com, clientType=Osoba prywatna, companyName=, nip=
[2025-05-20 22:50:59] Перевірка користувача: normalized_phone=796238044, email=gamesdashev@gmail.com
[2025-05-20 22:50:59] Створюємо нового користувача...
[2025-05-20 22:50:59] Створено нового користувача: user_id=39, phone=796238044, email=gamesdashev@gmail.com
[2025-05-20 22:50:59] Тип замовлення: renovation
[2025-05-20 22:50:59] Поля замовлення: rooms=null, bathrooms=null, kitchen=null, kitchen_annex=null, vacuum_needed=null, selected_services=null, cleaning_frequency=null, selected_date=2025-05-28, selected_time=7:30, order_date=2025-05-28 7:30:00, details=null
[2025-05-20 22:50:59] SQL-запит для створення замовлення: INSERT INTO orders (order_type, total_price, city, address, client_info, payment_status, status, created_at, user_id, client_type, order_date, area, windows, selected_date, selected_time) VALUES (?, ?, ?, ?, ?, ?, ?, ?, ?, ?, ?, ?, ?, ?, ?)
[2025-05-20 22:50:59] Замовлення створено з ID: 54
[2025-05-20 22:51:00] Підключення до бази даних успішне!
[2025-05-20 22:51:00] Платіж створено, redirectUri: https://secure.payu.com/pay/?orderId=995FRKSFNV250520GUEST000P01&token=eyJhbGciOiJIUzI1NiJ9.eyJvcmRlcklkIjoiOTk1RlJLU0ZOVjI1MDUyMEdVRVNUMDAwUDAxIiwicG9zSWQiOiJNWHBwekptZCIsImF1dGhvcml0aWVzIjpbIlJPTEVfQ0xJRU5UIl0sInBheWVyRW1haWwiOiJnYW1lc2Rhc2hldkBnbWFpbC5jb20iLCJleHAiOjE3NDc4NjA2NjAsImlzcyI6IlBBWVUiLCJhdWQiOiJhcGktZ2F0ZXdheSIsInN1YiI6IlBheVUgc3ViamVjdCIsImp0aSI6ImExMzlhYzgxLTczMmYtNDVhYS1iY2EzLTJiY2ZkYzBiZmZiNyJ9.fYq5o3vu3HZh-wl2dgdeu1XyJGCbeMqW7gychA4BZRg
[2025-05-20 22:51:58] Підключення до бази даних успішне!
[2025-05-20 22:51:58] Отримуємо список користувачів: query=SELECT * FROM users ORDER BY created_at DESC
[2025-05-20 22:51:58] Знайдено користувачів: 1
[2025-05-20 22:51:58] Підключення до бази даних успішне!
[2025-05-20 22:51:58] Ендпоінт не знайдено: /api/users/stats, метод: GET
[2025-05-20 22:51:58] Підключення до бази даних успішне!
[2025-05-20 22:51:58] Отримуємо список замовлень: query=SELECT * FROM orders ORDER BY created_at DESC
[2025-05-20 22:51:58] Знайдено замовлень: 1
[2025-05-20 22:55:04] Підключення до бази даних успішне!
[2025-05-20 22:55:04] Отримуємо знижки для type: window-cleaning
[2025-05-20 22:55:04] Знайдено знижок: 3
[2025-05-20 22:55:04] Підключення до бази даних успішне!
[2025-05-20 22:55:05] Отримуємо промокоди, знайдено: 4
[2025-05-20 22:56:13] Підключення до бази даних успішне!
[2025-05-20 22:56:13] Отримуємо знижки для type: window-cleaning
[2025-05-20 22:56:13] Знайдено знижок: 3
[2025-05-20 22:56:58] Підключення до бази даних успішне!
[2025-05-20 22:56:58] Отримуємо список користувачів: query=SELECT * FROM users ORDER BY created_at DESC
[2025-05-20 22:56:58] Знайдено користувачів: 1
[2025-05-20 22:56:58] Підключення до бази даних успішне!
[2025-05-20 22:56:58] Ендпоінт не знайдено: /api/users/stats, метод: GET
[2025-05-20 22:56:58] Підключення до бази даних успішне!
[2025-05-20 22:56:58] Отримуємо список замовлень: query=SELECT * FROM orders ORDER BY created_at DESC
[2025-05-20 22:56:58] Знайдено замовлень: 1
[2025-05-20 22:57:03] Підключення до бази даних успішне!
[2025-05-20 22:57:03] Вхідні дані для створення замовлення: {"order_type":"window_cleaning","windows":6,"balconies":5,"total_price":395,"selected_date":"2025-05-29","selected_time":"10:00","city":"Pruszk\u00f3w","address":{"street":"Edwarda Habicha","postal_code":"02-495","house_number":"18\/45","apartment_number":"15","building":"4","floor":"1","intercom_code":"213122111"},"client_info":{"client_type":"Osoba prywatna","name":"\u0442\u0435\u0441\u0442 \u0432\u0456\u043a\u043d\u0430","phone":"14354557","email":"wind@gmail.com","additional_info":"dfdfdfdf"},"payment_status":"pending"}
[2025-05-20 22:57:03] Дані client_info: {"client_type":"Osoba prywatna","name":"\u0442\u0435\u0441\u0442 \u0432\u0456\u043a\u043d\u0430","phone":"14354557","email":"wind@gmail.com","additional_info":"dfdfdfdf"}
[2025-05-20 22:57:03] Витягнуті значення: clientName=тест вікна, clientPhone=14354557, clientEmail=wind@gmail.com, clientType=Osoba prywatna, companyName=, nip=
[2025-05-20 22:57:03] Перевірка користувача: normalized_phone=14354557, email=wind@gmail.com
[2025-05-20 22:57:03] Створюємо нового користувача...
[2025-05-20 22:57:03] Створено нового користувача: user_id=40, phone=14354557, email=wind@gmail.com
[2025-05-20 22:57:03] Тип замовлення: window_cleaning
[2025-05-20 22:57:03] Поля замовлення: rooms=null, bathrooms=null, kitchen=null, kitchen_annex=null, vacuum_needed=null, selected_services=null, cleaning_frequency=null, selected_date=2025-05-29, selected_time=10:00, order_date=2025-05-29 10:00:00, details=null
[2025-05-20 22:57:03] SQL-запит для створення замовлення: INSERT INTO orders (order_type, total_price, city, address, client_info, payment_status, status, created_at, user_id, client_type, order_date, windows, balconies, selected_date, selected_time) VALUES (?, ?, ?, ?, ?, ?, ?, ?, ?, ?, ?, ?, ?, ?, ?)
[2025-05-20 22:57:03] Замовлення створено з ID: 55
[2025-05-20 22:57:03] Підключення до бази даних успішне!
[2025-05-20 22:57:04] Платіж створено, redirectUri: https://secure.payu.com/pay/?orderId=4ZL11JJNPL250520GUEST000P01&token=eyJhbGciOiJIUzI1NiJ9.eyJvcmRlcklkIjoiNFpMMTFKSk5QTDI1MDUyMEdVRVNUMDAwUDAxIiwicG9zSWQiOiJNWHBwekptZCIsImF1dGhvcml0aWVzIjpbIlJPTEVfQ0xJRU5UIl0sInBheWVyRW1haWwiOiJ3aW5kQGdtYWlsLmNvbSIsImV4cCI6MTc0Nzg2MTAyNCwiaXNzIjoiUEFZVSIsImF1ZCI6ImFwaS1nYXRld2F5Iiwic3ViIjoiUGF5VSBzdWJqZWN0IiwianRpIjoiOTkzM2JjYzgtYWNhZC00YjcwLTg2NTMtMzY2YTU1NjZmOTM4In0.fv_J0f2WdPIwYGCgKEpNOb5TbVitO5EHZKgQy39a6sY
[2025-05-20 22:59:08] Підключення до бази даних успішне!
[2025-05-20 22:59:08] Отримуємо знижки для type: private-house
[2025-05-20 22:59:08] Знайдено знижок: 4
[2025-05-20 22:59:08] Підключення до бази даних успішне!
[2025-05-20 22:59:08] Отримуємо промокоди, знайдено: 4
[2025-05-20 23:01:58] Підключення до бази даних успішне!
[2025-05-20 23:01:58] Отримуємо список користувачів: query=SELECT * FROM users ORDER BY created_at DESC
[2025-05-20 23:01:58] Знайдено користувачів: 2
[2025-05-20 23:01:58] Підключення до бази даних успішне!
[2025-05-20 23:01:58] Ендпоінт не знайдено: /api/users/stats, метод: GET
[2025-05-20 23:01:58] Підключення до бази даних успішне!
[2025-05-20 23:01:58] Отримуємо список замовлень: query=SELECT * FROM orders ORDER BY created_at DESC
[2025-05-20 23:01:58] Знайдено замовлень: 2
[2025-05-20 23:06:58] Підключення до бази даних успішне!
[2025-05-20 23:06:58] Отримуємо список користувачів: query=SELECT * FROM users ORDER BY created_at DESC
[2025-05-20 23:06:58] Знайдено користувачів: 2
[2025-05-20 23:06:58] Підключення до бази даних успішне!
[2025-05-20 23:06:58] Ендпоінт не знайдено: /api/users/stats, метод: GET
[2025-05-20 23:06:58] Підключення до бази даних успішне!
[2025-05-20 23:06:58] Отримуємо список замовлень: query=SELECT * FROM orders ORDER BY created_at DESC
[2025-05-20 23:06:58] Знайдено замовлень: 2
[2025-05-20 23:08:29] Підключення до бази даних успішне!
[2025-05-20 23:08:29] Отримуємо знижки для type: private-house
[2025-05-20 23:08:29] Знайдено знижок: 4
[2025-05-20 23:08:39] Підключення до бази даних успішне!
[2025-05-20 23:08:39] Отримуємо список користувачів: query=SELECT * FROM users ORDER BY created_at DESC
[2025-05-20 23:08:39] Знайдено користувачів: 2
[2025-05-20 23:08:39] Підключення до бази даних успішне!
[2025-05-20 23:08:39] Ендпоінт не знайдено: /api/users/stats, метод: GET
[2025-05-20 23:08:39] Підключення до бази даних успішне!
[2025-05-20 23:08:39] Отримуємо список замовлень: query=SELECT * FROM orders ORDER BY created_at DESC
[2025-05-20 23:08:39] Знайдено замовлень: 2
[2025-05-20 23:08:40] Підключення до бази даних успішне!
[2025-05-20 23:08:40] Отримуємо список користувачів: query=SELECT * FROM users ORDER BY created_at DESC
[2025-05-20 23:08:40] Знайдено користувачів: 2
[2025-05-20 23:08:40] Підключення до бази даних успішне!
[2025-05-20 23:08:40] Ендпоінт не знайдено: /api/users/stats, метод: GET
[2025-05-20 23:08:40] Підключення до бази даних успішне!
[2025-05-20 23:08:40] Отримуємо список замовлень: query=SELECT * FROM orders ORDER BY created_at DESC
[2025-05-20 23:08:40] Знайдено замовлень: 2
[2025-05-20 23:08:44] Підключення до бази даних успішне!
[2025-05-20 23:08:44] Отримуємо знижки для type: regular
[2025-05-20 23:08:44] Знайдено знижок: 7
[2025-05-20 23:08:45] Підключення до бази даних успішне!
[2025-05-20 23:08:45] Отримуємо список користувачів: query=SELECT * FROM users ORDER BY created_at DESC
[2025-05-20 23:08:45] Знайдено користувачів: 2
[2025-05-20 23:08:45] Підключення до бази даних успішне!
[2025-05-20 23:08:45] Ендпоінт не знайдено: /api/users/stats, метод: GET
[2025-05-20 23:08:45] Підключення до бази даних успішне!
[2025-05-20 23:08:45] Отримуємо список замовлень: query=SELECT * FROM orders ORDER BY created_at DESC
[2025-05-20 23:08:45] Знайдено замовлень: 2
[2025-05-20 23:08:45] Підключення до бази даних успішне!
[2025-05-20 23:08:45] Отримуємо список користувачів: query=SELECT * FROM users ORDER BY created_at DESC
[2025-05-20 23:08:45] Знайдено користувачів: 2
[2025-05-20 23:08:45] Підключення до бази даних успішне!
[2025-05-20 23:08:45] Ендпоінт не знайдено: /api/users/stats, метод: GET
[2025-05-20 23:08:46] Підключення до бази даних успішне!
[2025-05-20 23:08:46] Отримуємо список замовлень: query=SELECT * FROM orders ORDER BY created_at DESC
[2025-05-20 23:08:46] Знайдено замовлень: 2
[2025-05-20 23:09:35] Підключення до бази даних успішне!
[2025-05-20 23:09:35] Вхідні дані для створення замовлення: {"order_type":"private_house","rooms":2,"bathrooms":2,"kitchen":false,"kitchen_annex":true,"vacuum_needed":true,"selected_services":[{"name":"Mycie okapu","price":32,"quantity":true}],"total_price":400,"selected_date":"2025-05-29","selected_time":"11:00","cleaning_frequency":"Jednorazowe sprz\u0105tanie","city":"Warszawa","address":{"street":"Edwarda Habicha","postal_code":"02-495","house_number":"18\/45","apartment_number":"34","building":"4","floor":"2","intercom_code":"343243423"},"client_info":{"client_type":"Osoba prywatna","name":"\u0442\u0435\u0441\u0442 \u0434\u043e\u043c \u043f\u0440\u0438\u0432\u0430\u0442\u043d\u0438\u0439 ","phone":"796238044","email":"gamesdashev@gmail.com","additional_info":"\u0456\u0430\u0432\u0430\u0432\u0430\u0432\u0430\u0432\u0430\u0432\u0430\u0432\u0430"},"payment_status":"pending"}
[2025-05-20 23:09:35] Дані client_info: {"client_type":"Osoba prywatna","name":"\u0442\u0435\u0441\u0442 \u0434\u043e\u043c \u043f\u0440\u0438\u0432\u0430\u0442\u043d\u0438\u0439 ","phone":"796238044","email":"gamesdashev@gmail.com","additional_info":"\u0456\u0430\u0432\u0430\u0432\u0430\u0432\u0430\u0432\u0430\u0432\u0430\u0432\u0430"}
[2025-05-20 23:09:35] Витягнуті значення: clientName=тест дом приватний , clientPhone=796238044, clientEmail=gamesdashev@gmail.com, clientType=Osoba prywatna, companyName=, nip=
[2025-05-20 23:09:35] Перевірка користувача: normalized_phone=796238044, email=gamesdashev@gmail.com
[2025-05-20 23:09:35] Користувач із normalized_phone=796238044 або email=gamesdashev@gmail.com уже існує, user_id=39
[2025-05-20 23:09:35] Оновлено ім'я користувача з id 39: name=тест дом приватний 
[2025-05-20 23:09:35] Тип замовлення: private_house
[2025-05-20 23:09:35] Поля замовлення: rooms=2, bathrooms=2, kitchen=, kitchen_annex=1, vacuum_needed=1, selected_services=[{"name":"Mycie okapu","price":32,"quantity":true}], cleaning_frequency=Jednorazowe sprzątanie, selected_date=2025-05-29, selected_time=11:00, order_date=2025-05-29 11:00:00, details=null
[2025-05-20 23:09:35] SQL-запит для створення замовлення: INSERT INTO orders (order_type, total_price, city, address, client_info, payment_status, status, created_at, user_id, client_type, order_date, rooms, bathrooms, kitchen, kitchen_annex, vacuum_needed, selected_services, cleaning_frequency, selected_date, selected_time) VALUES (?, ?, ?, ?, ?, ?, ?, ?, ?, ?, ?, ?, ?, ?, ?, ?, ?, ?, ?, ?)
[2025-05-20 23:09:35] Замовлення створено з ID: 56
[2025-05-20 23:09:35] Підключення до бази даних успішне!
[2025-05-20 23:09:36] Платіж створено, redirectUri: https://secure.payu.com/pay/?orderId=F88M8VT61P250520GUEST000P01&token=eyJhbGciOiJIUzI1NiJ9.eyJvcmRlcklkIjoiRjg4TThWVDYxUDI1MDUyMEdVRVNUMDAwUDAxIiwicG9zSWQiOiJNWHBwekptZCIsImF1dGhvcml0aWVzIjpbIlJPTEVfQ0xJRU5UIl0sInBheWVyRW1haWwiOiJnYW1lc2Rhc2hldkBnbWFpbC5jb20iLCJleHAiOjE3NDc4NjE3NzYsImlzcyI6IlBBWVUiLCJhdWQiOiJhcGktZ2F0ZXdheSIsInN1YiI6IlBheVUgc3ViamVjdCIsImp0aSI6ImQyOWYyZjQyLTk3YjItNGJlNC04ODk2LTUzYTlmN2EyZDFhMyJ9.NL7ekoZTGW8Lw44KLTJfvM2srk_zuug8elr5rTb4IbA
[2025-05-20 23:09:41] Підключення до бази даних успішне!
[2025-05-20 23:09:41] Отримуємо список користувачів: query=SELECT * FROM users ORDER BY created_at DESC
[2025-05-20 23:09:41] Знайдено користувачів: 2
[2025-05-20 23:09:41] Підключення до бази даних успішне!
[2025-05-20 23:09:41] Ендпоінт не знайдено: /api/users/stats, метод: GET
[2025-05-20 23:09:41] Підключення до бази даних успішне!
[2025-05-20 23:09:41] Отримуємо список замовлень: query=SELECT * FROM orders ORDER BY created_at DESC
[2025-05-20 23:09:41] Знайдено замовлень: 3
[2025-05-20 23:09:41] Підключення до бази даних успішне!
[2025-05-20 23:09:41] Отримуємо список користувачів: query=SELECT * FROM users ORDER BY created_at DESC
[2025-05-20 23:09:42] Знайдено користувачів: 2
[2025-05-20 23:09:42] Підключення до бази даних успішне!
[2025-05-20 23:09:42] Ендпоінт не знайдено: /api/users/stats, метод: GET
[2025-05-20 23:09:42] Підключення до бази даних успішне!
[2025-05-20 23:09:42] Отримуємо список замовлень: query=SELECT * FROM orders ORDER BY created_at DESC
[2025-05-20 23:09:42] Знайдено замовлень: 3
[2025-05-20 23:14:39] Підключення до бази даних успішне!
[2025-05-20 23:14:39] Отримуємо список користувачів: query=SELECT * FROM users ORDER BY created_at DESC
[2025-05-20 23:14:39] Знайдено користувачів: 2
[2025-05-20 23:14:41] Підключення до бази даних успішне!
[2025-05-20 23:14:41] Отримуємо список користувачів: query=SELECT * FROM users ORDER BY created_at DESC
[2025-05-20 23:14:41] Знайдено користувачів: 2
[2025-05-20 23:14:41] Підключення до бази даних успішне!
[2025-05-20 23:14:41] Ендпоінт не знайдено: /api/users/stats, метод: GET
[2025-05-20 23:14:41] Підключення до бази даних успішне!
[2025-05-20 23:14:41] Отримуємо список замовлень: query=SELECT * FROM orders ORDER BY created_at DESC
[2025-05-20 23:14:41] Знайдено замовлень: 3
[2025-05-20 23:17:33] Підключення до бази даних успішне!
[2025-05-20 23:17:33] Отримуємо список користувачів: query=SELECT * FROM users ORDER BY created_at DESC
[2025-05-20 23:17:33] Знайдено користувачів: 2
[2025-05-20 23:17:34] Підключення до бази даних успішне!
[2025-05-20 23:17:34] Ендпоінт не знайдено: /api/users/stats, метод: GET
[2025-05-20 23:17:34] Підключення до бази даних успішне!
[2025-05-20 23:17:34] Отримуємо список замовлень: query=SELECT * FROM orders ORDER BY created_at DESC
[2025-05-20 23:17:34] Знайдено замовлень: 3
[2025-05-20 23:17:34] Підключення до бази даних успішне!
[2025-05-20 23:17:34] Отримуємо список користувачів: query=SELECT * FROM users ORDER BY created_at DESC
[2025-05-20 23:17:34] Знайдено користувачів: 2
[2025-05-20 23:17:34] Підключення до бази даних успішне!
[2025-05-20 23:17:34] Ендпоінт не знайдено: /api/users/stats, метод: GET
[2025-05-20 23:17:34] Підключення до бази даних успішне!
[2025-05-20 23:17:34] Отримуємо список замовлень: query=SELECT * FROM orders ORDER BY created_at DESC
[2025-05-20 23:17:34] Знайдено замовлень: 3
[2025-05-20 23:17:35] Підключення до бази даних успішне!
[2025-05-20 23:17:35] Отримуємо список користувачів: query=SELECT * FROM users ORDER BY created_at DESC
[2025-05-20 23:17:35] Знайдено користувачів: 2
[2025-05-20 23:22:34] Підключення до бази даних успішне!
[2025-05-20 23:22:34] Отримуємо список користувачів: query=SELECT * FROM users ORDER BY created_at DESC
[2025-05-20 23:22:34] Знайдено користувачів: 2
[2025-05-20 23:22:34] Підключення до бази даних успішне!
[2025-05-20 23:22:34] Ендпоінт не знайдено: /api/users/stats, метод: GET
[2025-05-20 23:22:34] Підключення до бази даних успішне!
[2025-05-20 23:22:34] Отримуємо список замовлень: query=SELECT * FROM orders ORDER BY created_at DESC
[2025-05-20 23:22:34] Знайдено замовлень: 3
[2025-05-20 23:22:39] Підключення до бази даних успішне!
[2025-05-20 23:22:40] Отримуємо промокоди, знайдено: 4
[2025-05-20 23:22:40] Підключення до бази даних успішне!
[2025-05-20 23:22:40] Отримуємо список користувачів: query=SELECT * FROM users ORDER BY created_at DESC
[2025-05-20 23:22:40] Знайдено користувачів: 2
[2025-05-20 23:22:41] Підключення до бази даних успішне!
[2025-05-20 23:22:41] Ендпоінт не знайдено: /api/users/stats, метод: GET
[2025-05-20 23:22:41] Підключення до бази даних успішне!
[2025-05-20 23:22:41] Отримуємо список замовлень: query=SELECT * FROM orders ORDER BY created_at DESC
[2025-05-20 23:22:41] Знайдено замовлень: 3
[2025-05-20 23:22:41] Підключення до бази даних успішне!
[2025-05-20 23:22:41] Отримуємо список користувачів: query=SELECT * FROM users ORDER BY created_at DESC
[2025-05-20 23:22:41] Знайдено користувачів: 2
[2025-05-20 23:22:41] Підключення до бази даних успішне!
[2025-05-20 23:22:41] Ендпоінт не знайдено: /api/users/stats, метод: GET
[2025-05-20 23:22:41] Підключення до бази даних успішне!
[2025-05-20 23:22:41] Отримуємо список замовлень: query=SELECT * FROM orders ORDER BY created_at DESC
[2025-05-20 23:22:41] Знайдено замовлень: 3
[2025-05-20 23:22:42] Підключення до бази даних успішне!
[2025-05-20 23:22:42] Отримуємо список користувачів: query=SELECT * FROM users ORDER BY created_at DESC
[2025-05-20 23:22:42] Знайдено користувачів: 2
[2025-05-20 23:27:22] Помилка підключення до бази даних: SQLSTATE[HY000] [2002] Connection refused
[2025-05-20 23:27:40] Помилка підключення до бази даних: SQLSTATE[HY000] [2002] Connection refused
[2025-05-20 23:27:40] Помилка підключення до бази даних: SQLSTATE[HY000] [2002] Connection refused
[2025-05-20 23:27:40] Помилка підключення до бази даних: SQLSTATE[HY000] [2002] Connection refused
[2025-05-20 23:34:42] Підключення до бази даних успішне!
[2025-05-20 23:34:42] Отримуємо знижки для type: regular
[2025-05-20 23:34:42] Знайдено знижок: 7
[2025-05-20 23:34:42] Підключення до бази даних успішне!
[2025-05-20 23:34:42] Отримуємо промокоди, знайдено: 4
[2025-05-20 23:38:08] Підключення до бази даних успішне!
[2025-05-20 23:38:08] Отримуємо список користувачів: query=SELECT * FROM users ORDER BY created_at DESC
[2025-05-20 23:38:09] Знайдено користувачів: 0
[2025-05-20 23:38:09] Підключення до бази даних успішне!
[2025-05-20 23:38:09] Ендпоінт не знайдено: /api/users/stats, метод: GET
[2025-05-20 23:38:09] Підключення до бази даних успішне!
[2025-05-20 23:38:09] Отримуємо список замовлень: query=SELECT * FROM orders ORDER BY created_at DESC
[2025-05-20 23:38:09] Знайдено замовлень: 0
[2025-05-20 23:40:23] Підключення до бази даних успішне!
[2025-05-20 23:40:23] Отримуємо знижки для type: regular
[2025-05-20 23:40:23] Знайдено знижок: 7
[2025-05-20 23:40:23] Підключення до бази даних успішне!
[2025-05-20 23:40:23] Отримуємо промокоди, знайдено: 4
[2025-05-20 23:43:08] Підключення до бази даних успішне!
[2025-05-20 23:43:08] Отримуємо список користувачів: query=SELECT * FROM users ORDER BY created_at DESC
[2025-05-20 23:43:09] Знайдено користувачів: 0
[2025-05-20 23:43:09] Підключення до бази даних успішне!
[2025-05-20 23:43:09] Ендпоінт не знайдено: /api/users/stats, метод: GET
[2025-05-20 23:43:09] Підключення до бази даних успішне!
[2025-05-20 23:43:09] Отримуємо список замовлень: query=SELECT * FROM orders ORDER BY created_at DESC
[2025-05-20 23:43:09] Знайдено замовлень: 0
[2025-05-20 23:48:08] Підключення до бази даних успішне!
[2025-05-20 23:48:08] Отримуємо список користувачів: query=SELECT * FROM users ORDER BY created_at DESC
[2025-05-20 23:48:09] Знайдено користувачів: 0
[2025-05-20 23:48:09] Підключення до бази даних успішне!
[2025-05-20 23:48:09] Ендпоінт не знайдено: /api/users/stats, метод: GET
[2025-05-20 23:48:09] Підключення до бази даних успішне!
[2025-05-20 23:48:09] Отримуємо список замовлень: query=SELECT * FROM orders ORDER BY created_at DESC
[2025-05-20 23:48:09] Знайдено замовлень: 0
[2025-05-20 23:49:46] Підключення до бази даних успішне!
[2025-05-20 23:49:46] Отримуємо знижки для type: regular
[2025-05-20 23:49:46] Знайдено знижок: 7
[2025-05-20 23:49:46] Підключення до бази даних успішне!
[2025-05-20 23:49:46] Отримуємо промокоди, знайдено: 4
[2025-05-20 23:50:57] Підключення до бази даних успішне!
[2025-05-20 23:50:57] Вхідні дані для створення замовлення: {"order_type":"apartment","total_price":428.24,"city":"Piast\u00f3w","address":{"street":"Edwarda Habicha","postal_code":"02-495","house_number":"18\/45","apartment_number":"21","building":"","floor":"","intercom_code":""},"client_info":{"name":"test-sprzatanie","phone":"234768234","email":"spra@gmail.com","additional_info":"test text sprz","client_type":"Osoba prywatna"},"payment_status":"pending","rooms":2,"bathrooms":2,"kitchen":false,"kitchen_annex":true,"vacuum_needed":true,"selected_services":[{"name":"Mycie piekarnika","price":32,"quantity":true},{"name":"Mycie naczy\u0144","price":20,"quantity":true},{"name":"Mycie mikrofal\u00f3wki","price":14.4,"quantity":true},{"name":"Sprz\u0105tanie balkonu","price":28,"quantity":1},{"name":"Mycie okien (szt.)","price":32,"quantity":4}],"selected_date":"2025-05-29","selected_time":"7:30","cleaning_frequency":"Raz w tygodniu"}
[2025-05-20 23:50:57] Дані client_info: {"name":"test-sprzatanie","phone":"234768234","email":"spra@gmail.com","additional_info":"test text sprz","client_type":"Osoba prywatna"}
[2025-05-20 23:50:57] Витягнуті значення: clientName=test-sprzatanie, clientPhone=234768234, clientEmail=spra@gmail.com, clientType=Osoba prywatna, companyName=, nip=, vatInfo=null
[2025-05-20 23:50:57] Перевірка користувача: normalized_phone=234768234, email=spra@gmail.com
[2025-05-20 23:50:57] Створюємо нового користувача...
[2025-05-20 23:50:57] Створено нового користувача: user_id=41, phone=234768234, email=spra@gmail.com
[2025-05-20 23:50:57] Тип замовлення: apartment
[2025-05-20 23:50:57] Поля замовлення: rooms=2, bathrooms=2, kitchen=, kitchen_annex=1, vacuum_needed=1, selected_services=[{"name":"Mycie piekarnika","price":32,"quantity":true},{"name":"Mycie naczy\u0144","price":20,"quantity":true},{"name":"Mycie mikrofal\u00f3wki","price":14.4,"quantity":true},{"name":"Sprz\u0105tanie balkonu","price":28,"quantity":1},{"name":"Mycie okien (szt.)","price":32,"quantity":4}], cleaning_frequency=Raz w tygodniu, selected_date=2025-05-29, selected_time=7:30, order_date=2025-05-29 7:30:00, details=null
[2025-05-20 23:50:57] SQL-запит для створення замовлення: INSERT INTO orders (order_type, total_price, city, address, client_info, payment_status, status, created_at, user_id, client_type, order_date, rooms, bathrooms, kitchen, kitchen_annex, vacuum_needed, selected_services, cleaning_frequency, selected_date, selected_time) VALUES (?, ?, ?, ?, ?, ?, ?, ?, ?, ?, ?, ?, ?, ?, ?, ?, ?, ?, ?, ?)
[2025-05-20 23:50:57] Замовлення створено з ID: 57
[2025-05-20 23:50:57] Підключення до бази даних успішне!
[2025-05-20 23:50:57] Ендпоінт не знайдено: /api/create-payment, метод: POST
[2025-05-20 23:53:08] Підключення до бази даних успішне!
[2025-05-20 23:53:08] Отримуємо список користувачів: query=SELECT * FROM users ORDER BY created_at DESC
[2025-05-20 23:53:09] Знайдено користувачів: 1
[2025-05-20 23:53:09] Підключення до бази даних успішне!
[2025-05-20 23:53:09] Ендпоінт не знайдено: /api/users/stats, метод: GET
[2025-05-20 23:53:09] Підключення до бази даних успішне!
[2025-05-20 23:53:09] Отримуємо список замовлень: query=SELECT * FROM orders ORDER BY created_at DESC
[2025-05-20 23:53:09] Знайдено замовлень: 1
[2025-05-20 23:57:26] Підключення до бази даних успішне!
[2025-05-20 23:57:26] Отримуємо знижки для type: regular
[2025-05-20 23:57:26] Знайдено знижок: 7
[2025-05-20 23:57:26] Підключення до бази даних успішне!
[2025-05-20 23:57:26] Отримуємо промокоди, знайдено: 4
[2025-05-20 23:58:08] Підключення до бази даних успішне!
[2025-05-20 23:58:08] Отримуємо список користувачів: query=SELECT * FROM users ORDER BY created_at DESC
[2025-05-20 23:58:09] Знайдено користувачів: 0
[2025-05-20 23:58:09] Підключення до бази даних успішне!
[2025-05-20 23:58:09] Ендпоінт не знайдено: /api/users/stats, метод: GET
[2025-05-20 23:58:09] Підключення до бази даних успішне!
[2025-05-20 23:58:09] Отримуємо список замовлень: query=SELECT * FROM orders ORDER BY created_at DESC
[2025-05-20 23:58:09] Знайдено замовлень: 0
[2025-05-21 00:03:29] Підключення до бази даних успішне!
[2025-05-21 00:03:29] Отримуємо список користувачів: query=SELECT * FROM users ORDER BY created_at DESC
[2025-05-21 00:03:30] Знайдено користувачів: 0
[2025-05-21 00:03:30] Підключення до бази даних успішне!
[2025-05-21 00:03:30] Ендпоінт не знайдено: /api/users/stats, метод: GET
[2025-05-21 00:03:30] Підключення до бази даних успішне!
[2025-05-21 00:03:30] Отримуємо список замовлень: query=SELECT * FROM orders ORDER BY created_at DESC
[2025-05-21 00:03:30] Знайдено замовлень: 0
[2025-05-21 00:08:29] Підключення до бази даних успішне!
[2025-05-21 00:08:29] Отримуємо список користувачів: query=SELECT * FROM users ORDER BY created_at DESC
[2025-05-21 00:08:30] Знайдено користувачів: 0
[2025-05-21 00:08:30] Підключення до бази даних успішне!
[2025-05-21 00:08:30] Ендпоінт не знайдено: /api/users/stats, метод: GET
[2025-05-21 00:08:30] Підключення до бази даних успішне!
[2025-05-21 00:08:30] Отримуємо список замовлень: query=SELECT * FROM orders ORDER BY created_at DESC
[2025-05-21 00:08:30] Знайдено замовлень: 0
[2025-05-21 00:12:28] Підключення до бази даних успішне!
[2025-05-21 00:12:28] Отримуємо знижки для type: regular
[2025-05-21 00:12:29] Знайдено знижок: 7
[2025-05-21 00:12:29] Підключення до бази даних успішне!
[2025-05-21 00:12:29] Отримуємо промокоди, знайдено: 4
[2025-05-21 00:13:29] Підключення до бази даних успішне!
[2025-05-21 00:13:29] Отримуємо список користувачів: query=SELECT * FROM users ORDER BY created_at DESC
[2025-05-21 00:13:30] Знайдено користувачів: 0
[2025-05-21 00:13:30] Підключення до бази даних успішне!
[2025-05-21 00:13:30] Ендпоінт не знайдено: /api/users/stats, метод: GET
[2025-05-21 00:13:30] Підключення до бази даних успішне!
[2025-05-21 00:13:30] Отримуємо список замовлень: query=SELECT * FROM orders ORDER BY created_at DESC
[2025-05-21 00:13:30] Знайдено замовлень: 0
[2025-05-21 00:13:54] Підключення до бази даних успішне!
[2025-05-21 00:13:54] Вхідні дані для створення замовлення: {"order_type":"apartment","total_price":404.86,"city":"Piast\u00f3w","address":{"street":"Edwarda Habicha","postal_code":"02-495","house_number":"18\/45","apartment_number":"23","building":"","floor":"","intercom_code":""},"client_info":{"name":"test-hous","phone":"234567834","email":"test1@gmail.com","additional_info":"sdssdsdsd","client_type":"Osoba prywatna"},"payment_status":"pending","rooms":2,"bathrooms":2,"kitchen":false,"kitchen_annex":true,"vacuum_needed":true,"selected_services":[{"name":"Sprz\u0105tanie wn\u0119trza szafek kuchennych","price":52,"quantity":true},{"name":"Dodatkowe godziny","price":40,"quantity":2}],"selected_date":"2025-05-29","selected_time":"16:00","cleaning_frequency":"Jednorazowe sprz\u0105tanie"}
[2025-05-21 00:13:54] Дані client_info: {"name":"test-hous","phone":"234567834","email":"test1@gmail.com","additional_info":"sdssdsdsd","client_type":"Osoba prywatna"}
[2025-05-21 00:13:54] Витягнуті значення: clientName=test-hous, clientPhone=234567834, clientEmail=test1@gmail.com, clientType=Osoba prywatna, companyName=, nip=, vatInfo=null
[2025-05-21 00:13:54] Перевірка користувача: normalized_phone=234567834, email=test1@gmail.com
[2025-05-21 00:13:54] Створюємо нового користувача...
[2025-05-21 00:13:54] Створено нового користувача: user_id=42, phone=234567834, email=test1@gmail.com
[2025-05-21 00:13:54] Тип замовлення: apartment
[2025-05-21 00:13:54] Поля замовлення: rooms=2, bathrooms=2, kitchen=, kitchen_annex=1, vacuum_needed=1, selected_services=[{"name":"Sprz\u0105tanie wn\u0119trza szafek kuchennych","price":52,"quantity":true},{"name":"Dodatkowe godziny","price":40,"quantity":2}], cleaning_frequency=Jednorazowe sprzątanie, selected_date=2025-05-29, selected_time=16:00, order_date=2025-05-29 16:00:00, details=null
[2025-05-21 00:13:54] SQL-запит для створення замовлення: INSERT INTO orders (order_type, total_price, city, address, client_info, payment_status, status, created_at, user_id, client_type, order_date, rooms, bathrooms, kitchen, kitchen_annex, vacuum_needed, selected_services, cleaning_frequency, selected_date, selected_time) VALUES (?, ?, ?, ?, ?, ?, ?, ?, ?, ?, ?, ?, ?, ?, ?, ?, ?, ?, ?, ?)
[2025-05-21 00:13:54] Замовлення створено з ID: 58
[2025-05-21 00:13:55] Підключення до бази даних успішне!
[2025-05-21 00:13:55] Платіж створено, redirectUri: https://secure.payu.com/pay/?orderId=LBZKJ5XDP4250521GUEST000P01&token=eyJhbGciOiJIUzI1NiJ9.eyJvcmRlcklkIjoiTEJaS0o1WERQNDI1MDUyMUdVRVNUMDAwUDAxIiwicG9zSWQiOiJNWHBwekptZCIsImF1dGhvcml0aWVzIjpbIlJPTEVfQ0xJRU5UIl0sInBheWVyRW1haWwiOiJ0ZXN0MUBnbWFpbC5jb20iLCJleHAiOjE3NDc4NjU2MzUsImlzcyI6IlBBWVUiLCJhdWQiOiJhcGktZ2F0ZXdheSIsInN1YiI6IlBheVUgc3ViamVjdCIsImp0aSI6IjU4MjZmN2ZkLWMyZjYtNGRlMy04NWRmLTNiZTYyMDI5YjU3MCJ9.CRjmXx_QmInHUC3GVmnxzlVeMcfQO6DBkwkWrzg1Jok
[2025-05-21 00:14:12] Підключення до бази даних успішне!
[2025-05-21 00:14:12] Отримуємо знижки для type: post-renovation
[2025-05-21 00:14:12] Знайдено знижок: 2
[2025-05-21 00:15:01] Підключення до бази даних успішне!
[2025-05-21 00:15:01] Вхідні дані для створення замовлення: {"order_type":"renovation","area":100,"windows":10,"total_price":1100,"selected_date":"2025-05-29","selected_time":"11:00","city":"Warszawa","address":{"street":"Edwarda Habicha","postal_code":"02-495","house_number":"18\/45","apartment_number":"11","building":"21","floor":"2","intercom_code":"2132312321"},"client_info":{"client_type":"Osoba prywatna","name":"test-remont","phone":"435654123","email":"remont@gmail.com","additional_info":"dsffdsfsdfd"},"payment_status":"pending"}
[2025-05-21 00:15:01] Дані client_info: {"client_type":"Osoba prywatna","name":"test-remont","phone":"435654123","email":"remont@gmail.com","additional_info":"dsffdsfsdfd"}
[2025-05-21 00:15:01] Витягнуті значення: clientName=test-remont, clientPhone=435654123, clientEmail=remont@gmail.com, clientType=Osoba prywatna, companyName=, nip=, vatInfo=null
[2025-05-21 00:15:01] Перевірка користувача: normalized_phone=435654123, email=remont@gmail.com
[2025-05-21 00:15:01] Створюємо нового користувача...
[2025-05-21 00:15:01] Створено нового користувача: user_id=43, phone=435654123, email=remont@gmail.com
[2025-05-21 00:15:01] Тип замовлення: renovation
[2025-05-21 00:15:01] Поля замовлення: rooms=null, bathrooms=null, kitchen=null, kitchen_annex=null, vacuum_needed=null, selected_services=null, cleaning_frequency=null, selected_date=2025-05-29, selected_time=11:00, order_date=2025-05-29 11:00:00, details=null
[2025-05-21 00:15:01] SQL-запит для створення замовлення: INSERT INTO orders (order_type, total_price, city, address, client_info, payment_status, status, created_at, user_id, client_type, order_date, area, windows, selected_date, selected_time) VALUES (?, ?, ?, ?, ?, ?, ?, ?, ?, ?, ?, ?, ?, ?, ?)
[2025-05-21 00:15:01] Замовлення створено з ID: 59
[2025-05-21 00:15:02] Підключення до бази даних успішне!
[2025-05-21 00:15:02] Платіж створено, redirectUri: https://secure.payu.com/pay/?orderId=PZ1ZQGTZJL250521GUEST000P01&token=eyJhbGciOiJIUzI1NiJ9.eyJvcmRlcklkIjoiUFoxWlFHVFpKTDI1MDUyMUdVRVNUMDAwUDAxIiwicG9zSWQiOiJNWHBwekptZCIsImF1dGhvcml0aWVzIjpbIlJPTEVfQ0xJRU5UIl0sInBheWVyRW1haWwiOiJyZW1vbnRAZ21haWwuY29tIiwiZXhwIjoxNzQ3ODY1NzAyLCJpc3MiOiJQQVlVIiwiYXVkIjoiYXBpLWdhdGV3YXkiLCJzdWIiOiJQYXlVIHN1YmplY3QiLCJqdGkiOiI1MTQ2MGExYy02NGEzLTQ2ZWItOTc5Ni00ZjVmZjg1N2U2NGMifQ.WmIEFZXRWbbABUGELpPZTKG3QDhlsjlD_AsubG1Z7j0
[2025-05-21 00:15:11] Підключення до бази даних успішне!
[2025-05-21 00:15:11] Отримуємо знижки для type: window-cleaning
[2025-05-21 00:15:11] Знайдено знижок: 3
[2025-05-21 00:15:11] Підключення до бази даних успішне!
[2025-05-21 00:15:11] Отримуємо промокоди, знайдено: 4
[2025-05-21 00:15:55] Підключення до бази даних успішне!
[2025-05-21 00:15:55] Вхідні дані для створення замовлення: {"order_type":"window_cleaning","total_price":955,"city":"Piaseczno","address":{"street":"Edwarda Habicha","postal_code":"02-495","house_number":"18\/45","apartment_number":"213","building":"3","floor":"13","intercom_code":"1232321312"},"client_info":{"client_type":"Osoba prywatna","name":"test-window","phone":"456581232","email":"window@gmail.com","additional_info":"dfsfdfdsfdsfdsfsd"},"payment_status":"pending","windows":20,"balconies":5,"selected_date":"2025-05-28","selected_time":"17:00"}
[2025-05-21 00:15:55] Дані client_info: {"client_type":"Osoba prywatna","name":"test-window","phone":"456581232","email":"window@gmail.com","additional_info":"dfsfdfdsfdsfdsfsd"}
[2025-05-21 00:15:55] Витягнуті значення: clientName=test-window, clientPhone=456581232, clientEmail=window@gmail.com, clientType=Osoba prywatna, companyName=, nip=, vatInfo=null
[2025-05-21 00:15:55] Перевірка користувача: normalized_phone=456581232, email=window@gmail.com
[2025-05-21 00:15:55] Створюємо нового користувача...
[2025-05-21 00:15:55] Створено нового користувача: user_id=44, phone=456581232, email=window@gmail.com
[2025-05-21 00:15:55] Тип замовлення: window_cleaning
[2025-05-21 00:15:55] Поля замовлення: rooms=null, bathrooms=null, kitchen=null, kitchen_annex=null, vacuum_needed=null, selected_services=null, cleaning_frequency=null, selected_date=2025-05-28, selected_time=17:00, order_date=2025-05-28 17:00:00, details=null
[2025-05-21 00:15:55] SQL-запит для створення замовлення: INSERT INTO orders (order_type, total_price, city, address, client_info, payment_status, status, created_at, user_id, client_type, order_date, windows, balconies, selected_date, selected_time) VALUES (?, ?, ?, ?, ?, ?, ?, ?, ?, ?, ?, ?, ?, ?, ?)
[2025-05-21 00:15:56] Замовлення створено з ID: 60
[2025-05-21 00:15:56] Підключення до бази даних успішне!
[2025-05-21 00:15:56] Ендпоінт не знайдено: /api/create-payment, метод: POST
[2025-05-21 00:16:38] Підключення до бази даних успішне!
[2025-05-21 00:16:38] Вхідні дані для створення замовлення: {"order_type":"window_cleaning","total_price":955,"city":"Piaseczno","address":{"street":"Edwarda Habicha","postal_code":"02-495","house_number":"18\/45","apartment_number":"213","building":"3","floor":"13","intercom_code":"1232321312"},"client_info":{"client_type":"Osoba prywatna","name":"test-window","phone":"456581232","email":"window@gmail.com","additional_info":"dfsfdfdsfdsfdsfsd"},"payment_status":"pending","windows":20,"balconies":5,"selected_date":"2025-05-28","selected_time":"17:00"}
[2025-05-21 00:16:38] Дані client_info: {"client_type":"Osoba prywatna","name":"test-window","phone":"456581232","email":"window@gmail.com","additional_info":"dfsfdfdsfdsfdsfsd"}
[2025-05-21 00:16:38] Витягнуті значення: clientName=test-window, clientPhone=456581232, clientEmail=window@gmail.com, clientType=Osoba prywatna, companyName=, nip=, vatInfo=null
[2025-05-21 00:16:38] Перевірка користувача: normalized_phone=456581232, email=window@gmail.com
[2025-05-21 00:16:38] Користувач із normalized_phone=456581232 або email=window@gmail.com уже існує, user_id=44
[2025-05-21 00:16:38] Оновлено ім'я користувача з id 44: name=test-window
[2025-05-21 00:16:38] Тип замовлення: window_cleaning
[2025-05-21 00:16:38] Поля замовлення: rooms=null, bathrooms=null, kitchen=null, kitchen_annex=null, vacuum_needed=null, selected_services=null, cleaning_frequency=null, selected_date=2025-05-28, selected_time=17:00, order_date=2025-05-28 17:00:00, details=null
[2025-05-21 00:16:38] SQL-запит для створення замовлення: INSERT INTO orders (order_type, total_price, city, address, client_info, payment_status, status, created_at, user_id, client_type, order_date, windows, balconies, selected_date, selected_time) VALUES (?, ?, ?, ?, ?, ?, ?, ?, ?, ?, ?, ?, ?, ?, ?)
[2025-05-21 00:16:38] Замовлення створено з ID: 61
[2025-05-21 00:16:38] Підключення до бази даних успішне!
[2025-05-21 00:16:38] Ендпоінт не знайдено: /api/create-payment, метод: POST
[2025-05-21 00:16:49] Підключення до бази даних успішне!
[2025-05-21 00:16:49] Отримуємо знижки для type: private-house
[2025-05-21 00:16:49] Знайдено знижок: 4
[2025-05-21 00:16:49] Підключення до бази даних успішне!
[2025-05-21 00:16:49] Отримуємо промокоди, знайдено: 4
[2025-05-21 00:17:38] Підключення до бази даних успішне!
[2025-05-21 00:17:38] Вхідні дані для створення замовлення: {"order_type":"private_house","total_price":775.2,"city":"J\u00f3zefos\u0142aw","address":{"street":"Edwarda Habicha","postal_code":"02-495","house_number":"18\/45","apartment_number":"34","building":"1","floor":"32","intercom_code":"21321312312"},"client_info":{"name":"test-dom-hous","phone":"542567892","email":"hous@gmail.com","additional_info":"fdsfdfdsfsdf","client_type":"Osoba prywatna"},"payment_status":"pending","rooms":7,"bathrooms":2,"kitchen":true,"kitchen_annex":false,"vacuum_needed":false,"selected_services":[{"name":"Mycie okapu","price":32,"quantity":true},{"name":"Sprz\u0105tanie wn\u0119trza szafek kuchennych","price":52,"quantity":true},{"name":"Dodatkowe godziny","price":40,"quantity":4}],"selected_date":"2025-05-27","selected_time":"13:00","cleaning_frequency":"Raz w tygodniu"}
[2025-05-21 00:17:38] Дані client_info: {"name":"test-dom-hous","phone":"542567892","email":"hous@gmail.com","additional_info":"fdsfdfdsfsdf","client_type":"Osoba prywatna"}
[2025-05-21 00:17:38] Витягнуті значення: clientName=test-dom-hous, clientPhone=542567892, clientEmail=hous@gmail.com, clientType=Osoba prywatna, companyName=, nip=, vatInfo=null
[2025-05-21 00:17:38] Перевірка користувача: normalized_phone=542567892, email=hous@gmail.com
[2025-05-21 00:17:38] Створюємо нового користувача...
[2025-05-21 00:17:38] Створено нового користувача: user_id=45, phone=542567892, email=hous@gmail.com
[2025-05-21 00:17:38] Тип замовлення: private_house
[2025-05-21 00:17:38] Поля замовлення: rooms=7, bathrooms=2, kitchen=1, kitchen_annex=, vacuum_needed=, selected_services=[{"name":"Mycie okapu","price":32,"quantity":true},{"name":"Sprz\u0105tanie wn\u0119trza szafek kuchennych","price":52,"quantity":true},{"name":"Dodatkowe godziny","price":40,"quantity":4}], cleaning_frequency=Raz w tygodniu, selected_date=2025-05-27, selected_time=13:00, order_date=2025-05-27 13:00:00, details=null
[2025-05-21 00:17:38] SQL-запит для створення замовлення: INSERT INTO orders (order_type, total_price, city, address, client_info, payment_status, status, created_at, user_id, client_type, order_date, rooms, bathrooms, kitchen, kitchen_annex, vacuum_needed, selected_services, cleaning_frequency, selected_date, selected_time) VALUES (?, ?, ?, ?, ?, ?, ?, ?, ?, ?, ?, ?, ?, ?, ?, ?, ?, ?, ?, ?)
[2025-05-21 00:17:38] Замовлення створено з ID: 62
[2025-05-21 00:17:38] Підключення до бази даних успішне!
[2025-05-21 00:17:38] Ендпоінт не знайдено: /api/create-payment, метод: POST
[2025-05-21 00:17:54] Підключення до бази даних успішне!
[2025-05-21 00:17:54] Отримуємо знижки для type: office-cleaning
[2025-05-21 00:17:54] Знайдено знижок: 0
[2025-05-21 00:17:55] Підключення до бази даних успішне!
[2025-05-21 00:17:55] Отримуємо промокоди, знайдено: 4
[2025-05-21 00:18:29] Підключення до бази даних успішне!
[2025-05-21 00:18:29] Отримуємо список користувачів: query=SELECT * FROM users ORDER BY created_at DESC
[2025-05-21 00:18:30] Знайдено користувачів: 4
[2025-05-21 00:18:30] Підключення до бази даних успішне!
[2025-05-21 00:18:30] Ендпоінт не знайдено: /api/users/stats, метод: GET
[2025-05-21 00:18:30] Підключення до бази даних успішне!
[2025-05-21 00:18:30] Отримуємо список замовлень: query=SELECT * FROM orders ORDER BY created_at DESC
[2025-05-21 00:18:30] Знайдено замовлень: 5
[2025-05-21 00:18:54] Підключення до бази даних успішне!
[2025-05-21 00:18:54] Вхідні дані для створення замовлення: {"order_type":"office","total_price":377.06,"city":"O\u017car\u00f3w Mazowiecki","address":{"street":"Edwarda Habicha","postal_code":"02-495","house_number":"18\/45","apartment_number":"32","building":"2","floor":"2","intercom_code":"213211"},"client_info":{"name":"office","phone":"1234643632","email":"gamesdashev@gmail.com","additional_info":"dsfdfdfdf","vat_info":{"company_name":"Arians Sp. z o.o.","nip":"45356544747","vat_address":"Edwarda Habicha 18\/45","vat_city":"Warszawa","vat_postal_code":"02-495"},"client_type":"Firma"},"payment_status":"pending","office_area":17,"workspaces":12,"cleaning_frequency":"Raz na dwa tygodnie","selected_date":"2025-05-28","selected_time":"10:00"}
[2025-05-21 00:18:54] Дані client_info: {"name":"office","phone":"1234643632","email":"gamesdashev@gmail.com","additional_info":"dsfdfdfdf","vat_info":{"company_name":"Arians Sp. z o.o.","nip":"45356544747","vat_address":"Edwarda Habicha 18\/45","vat_city":"Warszawa","vat_postal_code":"02-495"},"client_type":"Firma"}
[2025-05-21 00:18:54] Витягнуті значення: clientName=office, clientPhone=1234643632, clientEmail=gamesdashev@gmail.com, clientType=Firma, companyName=, nip=, vatInfo={"company_name":"Arians Sp. z o.o.","nip":"45356544747","vat_address":"Edwarda Habicha 18\/45","vat_city":"Warszawa","vat_postal_code":"02-495"}
[2025-05-21 00:18:54] Перевірка користувача: normalized_phone=1234643632, email=gamesdashev@gmail.com
[2025-05-21 00:18:54] Створюємо нового користувача...
[2025-05-21 00:18:55] Створено нового користувача: user_id=46, phone=1234643632, email=gamesdashev@gmail.com
[2025-05-21 00:18:55] Тип замовлення: office
[2025-05-21 00:18:55] Поля замовлення: rooms=null, bathrooms=null, kitchen=null, kitchen_annex=null, vacuum_needed=null, selected_services=null, cleaning_frequency=Raz na dwa tygodnie, selected_date=2025-05-28, selected_time=10:00, order_date=2025-05-28 10:00:00, details=null
[2025-05-21 00:18:55] SQL-запит для створення замовлення: INSERT INTO orders (order_type, total_price, city, address, client_info, payment_status, status, created_at, user_id, client_type, company_name, nip, order_date, office_area, workspaces, cleaning_frequency, selected_date, selected_time) VALUES (?, ?, ?, ?, ?, ?, ?, ?, ?, ?, ?, ?, ?, ?, ?, ?, ?, ?)
[2025-05-21 00:18:55] Замовлення створено з ID: 63
[2025-05-21 00:18:55] Підключення до бази даних успішне!
[2025-05-21 00:18:55] Ендпоінт не знайдено: /api/create-payment, метод: POST
[2025-05-21 00:19:00] Підключення до бази даних успішне!
[2025-05-21 00:19:00] Вхідні дані для створення замовлення: {"order_type":"office","total_price":377.06,"city":"O\u017car\u00f3w Mazowiecki","address":{"street":"Edwarda Habicha","postal_code":"02-495","house_number":"18\/45","apartment_number":"32","building":"2","floor":"2","intercom_code":"213211"},"client_info":{"name":"office","phone":"1234643632","email":"gamesdashev@gmail.com","additional_info":"dsfdfdfdf","vat_info":{"company_name":"Arians Sp. z o.o.","nip":"45356544747","vat_address":"Edwarda Habicha 18\/45","vat_city":"Warszawa","vat_postal_code":"02-495"},"client_type":"Firma"},"payment_status":"pending","office_area":17,"workspaces":12,"cleaning_frequency":"Raz na dwa tygodnie","selected_date":"2025-05-28","selected_time":"10:00"}
[2025-05-21 00:19:00] Дані client_info: {"name":"office","phone":"1234643632","email":"gamesdashev@gmail.com","additional_info":"dsfdfdfdf","vat_info":{"company_name":"Arians Sp. z o.o.","nip":"45356544747","vat_address":"Edwarda Habicha 18\/45","vat_city":"Warszawa","vat_postal_code":"02-495"},"client_type":"Firma"}
[2025-05-21 00:19:00] Витягнуті значення: clientName=office, clientPhone=1234643632, clientEmail=gamesdashev@gmail.com, clientType=Firma, companyName=, nip=, vatInfo={"company_name":"Arians Sp. z o.o.","nip":"45356544747","vat_address":"Edwarda Habicha 18\/45","vat_city":"Warszawa","vat_postal_code":"02-495"}
[2025-05-21 00:19:00] Перевірка користувача: normalized_phone=1234643632, email=gamesdashev@gmail.com
[2025-05-21 00:19:00] Користувач із normalized_phone=1234643632 або email=gamesdashev@gmail.com уже існує, user_id=46
[2025-05-21 00:19:00] Оновлено ім'я користувача з id 46: name=office
[2025-05-21 00:19:00] Тип замовлення: office
[2025-05-21 00:19:00] Поля замовлення: rooms=null, bathrooms=null, kitchen=null, kitchen_annex=null, vacuum_needed=null, selected_services=null, cleaning_frequency=Raz na dwa tygodnie, selected_date=2025-05-28, selected_time=10:00, order_date=2025-05-28 10:00:00, details=null
[2025-05-21 00:19:00] SQL-запит для створення замовлення: INSERT INTO orders (order_type, total_price, city, address, client_info, payment_status, status, created_at, user_id, client_type, company_name, nip, order_date, office_area, workspaces, cleaning_frequency, selected_date, selected_time) VALUES (?, ?, ?, ?, ?, ?, ?, ?, ?, ?, ?, ?, ?, ?, ?, ?, ?, ?)
[2025-05-21 00:19:00] Замовлення створено з ID: 64
[2025-05-21 00:19:00] Підключення до бази даних успішне!
[2025-05-21 00:19:00] Ендпоінт не знайдено: /api/create-payment, метод: POST
[2025-05-21 00:19:48] Підключення до бази даних успішне!
[2025-05-21 00:19:48] Отримуємо список користувачів: query=SELECT * FROM users ORDER BY created_at DESC
[2025-05-21 00:19:48] Знайдено користувачів: 5
[2025-05-21 00:19:48] Підключення до бази даних успішне!
[2025-05-21 00:19:48] Ендпоінт не знайдено: /api/users/stats, метод: GET
[2025-05-21 00:19:48] Підключення до бази даних успішне!
[2025-05-21 00:19:48] Отримуємо список замовлень: query=SELECT * FROM orders ORDER BY created_at DESC
[2025-05-21 00:19:48] Знайдено замовлень: 7
[2025-05-21 00:19:48] Підключення до бази даних успішне!
[2025-05-21 00:19:48] Отримуємо список користувачів: query=SELECT * FROM users ORDER BY created_at DESC
[2025-05-21 00:19:48] Знайдено користувачів: 5
[2025-05-21 00:19:48] Підключення до бази даних успішне!
[2025-05-21 00:19:48] Ендпоінт не знайдено: /api/users/stats, метод: GET
[2025-05-21 00:19:49] Підключення до бази даних успішне!
[2025-05-21 00:19:49] Отримуємо список замовлень: query=SELECT * FROM orders ORDER BY created_at DESC
[2025-05-21 00:19:49] Знайдено замовлень: 7
[2025-05-21 00:20:06] Підключення до бази даних успішне!
[2025-05-21 00:20:06] Отримуємо список користувачів: query=SELECT * FROM users ORDER BY created_at DESC
[2025-05-21 00:20:06] Знайдено користувачів: 5
[2025-05-21 02:02:49] Підключення до бази даних успішне!
[2025-05-21 02:02:49] Отримуємо промокоди, знайдено: 4
[2025-05-21 02:02:49] Підключення до бази даних успішне!
[2025-05-21 02:02:49] Отримуємо знижки для type: private-house
[2025-05-21 02:02:49] Знайдено знижок: 4
[2025-05-21 02:03:03] Підключення до бази даних успішне!
[2025-05-21 02:03:03] Отримуємо знижки для type: regular
[2025-05-21 02:03:03] Знайдено знижок: 7
[2025-05-21 02:03:03] Підключення до бази даних успішне!
[2025-05-21 02:03:04] Отримуємо промокоди, знайдено: 4
[2025-05-21 02:04:24] Підключення до бази даних успішне!
[2025-05-21 02:04:24] Вхідні дані для створення замовлення: {"order_type":"private_house","total_price":483.92,"city":"Piast\u00f3w","address":{"street":"Edwarda Habicha","postal_code":"02-495","house_number":"18\/45","apartment_number":"21","building":"","floor":"","intercom_code":""},"client_info":{"name":"Test-kv","phone":"796238044","email":"test1@gmail.com","additional_info":"test text","client_type":"Osoba prywatna"},"payment_status":"pending","rooms":4,"bathrooms":2,"kitchen":false,"kitchen_annex":true,"vacuum_needed":true,"selected_services":[{"name":"Mycie okapu","price":32,"quantity":true},{"name":"Dodatkowe godziny","price":40,"quantity":4}],"selected_date":"2025-05-29","selected_time":"12:00","cleaning_frequency":"Raz w tygodniu"}
[2025-05-21 02:04:24] Дані client_info: {"name":"Test-kv","phone":"796238044","email":"test1@gmail.com","additional_info":"test text","client_type":"Osoba prywatna"}
[2025-05-21 02:04:24] Витягнуті значення: clientName=Test-kv, clientPhone=796238044, clientEmail=test1@gmail.com, clientType=Osoba prywatna, companyName=, nip=, vatInfo=null
[2025-05-21 02:04:24] Перевірка користувача: normalized_phone=796238044, email=test1@gmail.com
[2025-05-21 02:04:24] Створюємо нового користувача...
[2025-05-21 02:04:24] Створено нового користувача: user_id=47, phone=796238044, email=test1@gmail.com
[2025-05-21 02:04:24] Тип замовлення: private_house
[2025-05-21 02:04:24] Поля замовлення: rooms=4, bathrooms=2, kitchen=, kitchen_annex=1, vacuum_needed=1, selected_services=[{"name":"Mycie okapu","price":32,"quantity":true},{"name":"Dodatkowe godziny","price":40,"quantity":4}], cleaning_frequency=Raz w tygodniu, selected_date=2025-05-29, selected_time=12:00, order_date=2025-05-29 12:00:00, details=null
[2025-05-21 02:04:24] SQL-запит для створення замовлення: INSERT INTO orders (order_type, total_price, city, address, client_info, payment_status, status, created_at, user_id, client_type, order_date, rooms, bathrooms, kitchen, kitchen_annex, vacuum_needed, selected_services, cleaning_frequency, selected_date, selected_time) VALUES (?, ?, ?, ?, ?, ?, ?, ?, ?, ?, ?, ?, ?, ?, ?, ?, ?, ?, ?, ?)
[2025-05-21 02:04:24] Замовлення створено з ID: 65
[2025-05-21 02:04:24] Підключення до бази даних успішне!
[2025-05-21 02:04:24] Платіж створено, redirectUri: https://secure.payu.com/pay/?orderId=TFPP2CFV7R250521GUEST000P01&token=eyJhbGciOiJIUzI1NiJ9.eyJvcmRlcklkIjoiVEZQUDJDRlY3UjI1MDUyMUdVRVNUMDAwUDAxIiwicG9zSWQiOiJNWHBwekptZCIsImF1dGhvcml0aWVzIjpbIlJPTEVfQ0xJRU5UIl0sInBheWVyRW1haWwiOiJ0ZXN0MUBnbWFpbC5jb20iLCJleHAiOjE3NDc4NzIyNjQsImlzcyI6IlBBWVUiLCJhdWQiOiJhcGktZ2F0ZXdheSIsInN1YiI6IlBheVUgc3ViamVjdCIsImp0aSI6ImU3MDgwOTBkLWFkZWMtNGMwOS04MDlhLTNlN2E3ODY0MzgwZSJ9.B0uvVCGvwaAvgkMLfY1VBff-R3AR7P_gsv5DhGEcZQ8
[2025-05-21 02:04:34] Підключення до бази даних успішне!
[2025-05-21 02:04:34] Отримуємо знижки для type: regular
[2025-05-21 02:04:34] Знайдено знижок: 7
[2025-05-21 02:04:34] Підключення до бази даних успішне!
[2025-05-21 02:04:35] Отримуємо промокоди, знайдено: 4
[2025-05-21 02:04:50] Підключення до бази даних успішне!
[2025-05-21 02:04:50] Отримуємо знижки для type: post-renovation
[2025-05-21 02:04:50] Знайдено знижок: 2
[2025-05-21 02:06:16] Підключення до бази даних успішне!
[2025-05-21 02:06:16] Вхідні дані для створення замовлення: {"order_type":"renovation","area":100,"windows":10,"total_price":1130,"selected_date":"2025-05-23","selected_time":"11:00","city":"Piaseczno","address":{"street":"edwwa","postal_code":"1245","house_number":"12","apartment_number":"1","building":"2","floor":"12","intercom_code":"13213232"},"client_info":{"client_type":"Osoba prywatna","name":"test-remont","phone":"3345678234","email":"test2@gmail.com","additional_info":"test-text"},"payment_status":"pending"}
[2025-05-21 02:06:16] Дані client_info: {"client_type":"Osoba prywatna","name":"test-remont","phone":"3345678234","email":"test2@gmail.com","additional_info":"test-text"}
[2025-05-21 02:06:16] Витягнуті значення: clientName=test-remont, clientPhone=3345678234, clientEmail=test2@gmail.com, clientType=Osoba prywatna, companyName=, nip=, vatInfo=null
[2025-05-21 02:06:16] Перевірка користувача: normalized_phone=3345678234, email=test2@gmail.com
[2025-05-21 02:06:16] Створюємо нового користувача...
[2025-05-21 02:06:16] Створено нового користувача: user_id=48, phone=3345678234, email=test2@gmail.com
[2025-05-21 02:06:16] Тип замовлення: renovation
[2025-05-21 02:06:16] Поля замовлення: rooms=null, bathrooms=null, kitchen=null, kitchen_annex=null, vacuum_needed=null, selected_services=null, cleaning_frequency=null, selected_date=2025-05-23, selected_time=11:00, order_date=2025-05-23 11:00:00, details=null
[2025-05-21 02:06:16] SQL-запит для створення замовлення: INSERT INTO orders (order_type, total_price, city, address, client_info, payment_status, status, created_at, user_id, client_type, order_date, area, windows, selected_date, selected_time) VALUES (?, ?, ?, ?, ?, ?, ?, ?, ?, ?, ?, ?, ?, ?, ?)
[2025-05-21 02:06:16] Замовлення створено з ID: 66
[2025-05-21 02:06:16] Підключення до бази даних успішне!
[2025-05-21 02:06:17] Платіж створено, redirectUri: https://secure.payu.com/pay/?orderId=2L7BRGQGRG250521GUEST000P01&token=eyJhbGciOiJIUzI1NiJ9.eyJvcmRlcklkIjoiMkw3QlJHUUdSRzI1MDUyMUdVRVNUMDAwUDAxIiwicG9zSWQiOiJNWHBwekptZCIsImF1dGhvcml0aWVzIjpbIlJPTEVfQ0xJRU5UIl0sInBheWVyRW1haWwiOiJ0ZXN0MkBnbWFpbC5jb20iLCJleHAiOjE3NDc4NzIzNzcsImlzcyI6IlBBWVUiLCJhdWQiOiJhcGktZ2F0ZXdheSIsInN1YiI6IlBheVUgc3ViamVjdCIsImp0aSI6IjViN2JkNjcxLWM2NWEtNGQzMS05MmFjLTZhMjc2YTI2MWMzOCJ9.-EKs-PIdVWO84Re_D2i2kSgPRhT7R1f9ILcAaILzNTQ
[2025-05-21 02:06:24] Підключення до бази даних успішне!
[2025-05-21 02:06:24] Отримуємо знижки для type: post-renovation
[2025-05-21 02:06:24] Знайдено знижок: 2
[2025-05-21 02:06:27] Підключення до бази даних успішне!
[2025-05-21 02:06:27] Отримуємо знижки для type: window-cleaning
[2025-05-21 02:06:27] Знайдено знижок: 3
[2025-05-21 02:07:16] Підключення до бази даних успішне!
[2025-05-21 02:07:16] Вхідні дані для створення замовлення: {"order_type":"window_cleaning","windows":10,"balconies":2,"total_price":510,"selected_date":"2025-05-24","selected_time":"14:00","city":"J\u00f3zefos\u0142aw","address":{"street":"Edwarda Habicha","postal_code":"02-495","house_number":"18\/45","apartment_number":"12","building":"22","floor":"1","intercom_code":"1234443"},"client_info":{"client_type":"Osoba prywatna","name":"test-window","phone":"634214876","email":"test3@gmail.com","additional_info":"wwewewewewewe"},"payment_status":"pending"}
[2025-05-21 02:07:16] Дані client_info: {"client_type":"Osoba prywatna","name":"test-window","phone":"634214876","email":"test3@gmail.com","additional_info":"wwewewewewewe"}
[2025-05-21 02:07:16] Витягнуті значення: clientName=test-window, clientPhone=634214876, clientEmail=test3@gmail.com, clientType=Osoba prywatna, companyName=, nip=, vatInfo=null
[2025-05-21 02:07:16] Перевірка користувача: normalized_phone=634214876, email=test3@gmail.com
[2025-05-21 02:07:16] Створюємо нового користувача...
[2025-05-21 02:07:16] Створено нового користувача: user_id=49, phone=634214876, email=test3@gmail.com
[2025-05-21 02:07:16] Тип замовлення: window_cleaning
[2025-05-21 02:07:16] Поля замовлення: rooms=null, bathrooms=null, kitchen=null, kitchen_annex=null, vacuum_needed=null, selected_services=null, cleaning_frequency=null, selected_date=2025-05-24, selected_time=14:00, order_date=2025-05-24 14:00:00, details=null
[2025-05-21 02:07:16] SQL-запит для створення замовлення: INSERT INTO orders (order_type, total_price, city, address, client_info, payment_status, status, created_at, user_id, client_type, order_date, windows, balconies, selected_date, selected_time) VALUES (?, ?, ?, ?, ?, ?, ?, ?, ?, ?, ?, ?, ?, ?, ?)
[2025-05-21 02:07:16] Замовлення створено з ID: 67
[2025-05-21 02:07:17] Підключення до бази даних успішне!
[2025-05-21 02:07:17] Платіж створено, redirectUri: https://secure.payu.com/pay/?orderId=8FB4SWT2RF250521GUEST000P01&token=eyJhbGciOiJIUzI1NiJ9.eyJvcmRlcklkIjoiOEZCNFNXVDJSRjI1MDUyMUdVRVNUMDAwUDAxIiwicG9zSWQiOiJNWHBwekptZCIsImF1dGhvcml0aWVzIjpbIlJPTEVfQ0xJRU5UIl0sInBheWVyRW1haWwiOiJ0ZXN0M0BnbWFpbC5jb20iLCJleHAiOjE3NDc4NzI0MzcsImlzcyI6IlBBWVUiLCJhdWQiOiJhcGktZ2F0ZXdheSIsInN1YiI6IlBheVUgc3ViamVjdCIsImp0aSI6IjU1YTNlODYwLTJmZDEtNDZhNi05ZDBkLTA1YjQyZTdmOWZkMyJ9.zhA1Bwc9zc7o-HJj3OEI22_wsoszCzBsdb1RNMDKJTs
[2025-05-21 02:07:22] Підключення до бази даних успішне!
[2025-05-21 02:07:22] Отримуємо знижки для type: window-cleaning
[2025-05-21 02:07:22] Знайдено знижок: 3
[2025-05-21 02:07:25] Підключення до бази даних успішне!
[2025-05-21 02:07:25] Отримуємо промокоди, знайдено: 4
[2025-05-21 02:07:25] Підключення до бази даних успішне!
[2025-05-21 02:07:25] Отримуємо знижки для type: private-house
[2025-05-21 02:07:25] Знайдено знижок: 4
[2025-05-21 02:08:32] Підключення до бази даних успішне!
[2025-05-21 02:08:32] Вхідні дані для створення замовлення: {"order_type":"private_house","rooms":6,"bathrooms":2,"kitchen":true,"kitchen_annex":false,"vacuum_needed":true,"selected_services":[{"name":"hood_cleaning","price":32,"quantity":true},{"name":"extra_hours","price":40,"quantity":3}],"total_price":668,"selected_date":"2025-05-25","selected_time":"9:00","cleaning_frequency":"Raz w tygodniu","city":"Koby\u0142ka","address":{"street":"Edwarda Habicha","postal_code":"02-495","house_number":"18\/45","apartment_number":"232","building":"3","floor":"2","intercom_code":"123412222"},"client_info":{"client_type":"Osoba prywatna","name":"test-dom","phone":"225574321","email":"test4@gmail.com","additional_info":"q3232e3"},"payment_status":"pending"}
[2025-05-21 02:08:32] Дані client_info: {"client_type":"Osoba prywatna","name":"test-dom","phone":"225574321","email":"test4@gmail.com","additional_info":"q3232e3"}
[2025-05-21 02:08:32] Витягнуті значення: clientName=test-dom, clientPhone=225574321, clientEmail=test4@gmail.com, clientType=Osoba prywatna, companyName=, nip=, vatInfo=null
[2025-05-21 02:08:32] Перевірка користувача: normalized_phone=225574321, email=test4@gmail.com
[2025-05-21 02:08:32] Створюємо нового користувача...
[2025-05-21 02:08:32] Створено нового користувача: user_id=50, phone=225574321, email=test4@gmail.com
[2025-05-21 02:08:32] Тип замовлення: private_house
[2025-05-21 02:08:32] Поля замовлення: rooms=6, bathrooms=2, kitchen=1, kitchen_annex=, vacuum_needed=1, selected_services=[{"name":"hood_cleaning","price":32,"quantity":true},{"name":"extra_hours","price":40,"quantity":3}], cleaning_frequency=Raz w tygodniu, selected_date=2025-05-25, selected_time=9:00, order_date=2025-05-25 9:00:00, details=null
[2025-05-21 02:08:32] SQL-запит для створення замовлення: INSERT INTO orders (order_type, total_price, city, address, client_info, payment_status, status, created_at, user_id, client_type, order_date, rooms, bathrooms, kitchen, kitchen_annex, vacuum_needed, selected_services, cleaning_frequency, selected_date, selected_time) VALUES (?, ?, ?, ?, ?, ?, ?, ?, ?, ?, ?, ?, ?, ?, ?, ?, ?, ?, ?, ?)
[2025-05-21 02:08:32] Замовлення створено з ID: 68
[2025-05-21 02:08:32] Підключення до бази даних успішне!
[2025-05-21 02:08:32] Платіж створено, redirectUri: https://secure.payu.com/pay/?orderId=GJP9WSB9ZM250521GUEST000P01&token=eyJhbGciOiJIUzI1NiJ9.eyJvcmRlcklkIjoiR0pQOVdTQjlaTTI1MDUyMUdVRVNUMDAwUDAxIiwicG9zSWQiOiJNWHBwekptZCIsImF1dGhvcml0aWVzIjpbIlJPTEVfQ0xJRU5UIl0sInBheWVyRW1haWwiOiJ0ZXN0NEBnbWFpbC5jb20iLCJleHAiOjE3NDc4NzI1MTIsImlzcyI6IlBBWVUiLCJhdWQiOiJhcGktZ2F0ZXdheSIsInN1YiI6IlBheVUgc3ViamVjdCIsImp0aSI6ImFkMWU3NjVkLTlkOTAtNDM4My1iY2UzLTllMmNiZmFlNmY5NSJ9.mttCuFsGiwteLhHhd7czlcwcPyptSiiR7gtb7RrmeDk
[2025-05-21 02:08:39] Підключення до бази даних успішне!
[2025-05-21 02:08:39] Отримуємо промокоди, знайдено: 4
[2025-05-21 02:08:39] Підключення до бази даних успішне!
[2025-05-21 02:08:39] Отримуємо знижки для type: private-house
[2025-05-21 02:08:39] Знайдено знижок: 4
[2025-05-21 02:08:41] Підключення до бази даних успішне!
[2025-05-21 02:08:41] Отримуємо промокоди, знайдено: 4
[2025-05-21 02:08:41] Підключення до бази даних успішне!
[2025-05-21 02:08:41] Отримуємо знижки для type: office-cleaning
[2025-05-21 02:08:41] Знайдено знижок: 0
[2025-05-21 02:10:01] Підключення до бази даних успішне!
[2025-05-21 02:10:01] Вхідні дані для створення замовлення: {"order_type":"office","office_area":100,"workspaces":12,"cleaning_frequency":"Raz w miesi\u0105cu","total_price":731.34,"selected_date":"2025-05-23","selected_time":"11:00","city":"Nowa Iwiczna","address":{"street":"Edwarda Habicha","postal_code":"02-495","house_number":"18\/45","apartment_number":"123","building":"4","floor":"2","intercom_code":"1255555"},"client_info":{"client_type":"Firma","name":"test-office","company_name":"Arians Sp. z o.o.","nip":"5223189735","phone":"572345627","email":"test5@gmail.com","additional_info":"wewewewew","vat_info":{"vat_address":"Edwarda Habicha 18\/45","vat_city":"Warszawa","vat_postal_code":"02-495"}},"payment_status":"pending"}
[2025-05-21 02:10:01] Дані client_info: {"client_type":"Firma","name":"test-office","company_name":"Arians Sp. z o.o.","nip":"5223189735","phone":"572345627","email":"test5@gmail.com","additional_info":"wewewewew","vat_info":{"vat_address":"Edwarda Habicha 18\/45","vat_city":"Warszawa","vat_postal_code":"02-495"}}
[2025-05-21 02:10:01] Витягнуті значення: clientName=test-office, clientPhone=572345627, clientEmail=test5@gmail.com, clientType=Firma, companyName=Arians Sp. z o.o., nip=5223189735, vatInfo={"vat_address":"Edwarda Habicha 18\/45","vat_city":"Warszawa","vat_postal_code":"02-495"}
[2025-05-21 02:10:01] Перевірка користувача: normalized_phone=572345627, email=test5@gmail.com
[2025-05-21 02:10:01] Створюємо нового користувача...
[2025-05-21 02:10:01] Створено нового користувача: user_id=51, phone=572345627, email=test5@gmail.com
[2025-05-21 02:10:01] Тип замовлення: office
[2025-05-21 02:10:01] Поля замовлення: rooms=null, bathrooms=null, kitchen=null, kitchen_annex=null, vacuum_needed=null, selected_services=null, cleaning_frequency=Raz w miesiącu, selected_date=2025-05-23, selected_time=11:00, order_date=2025-05-23 11:00:00, details=null
[2025-05-21 02:10:01] SQL-запит для створення замовлення: INSERT INTO orders (order_type, total_price, city, address, client_info, payment_status, status, created_at, user_id, client_type, company_name, nip, order_date, office_area, workspaces, cleaning_frequency, selected_date, selected_time) VALUES (?, ?, ?, ?, ?, ?, ?, ?, ?, ?, ?, ?, ?, ?, ?, ?, ?, ?)
[2025-05-21 02:10:01] Замовлення створено з ID: 69
[2025-05-21 02:10:02] Підключення до бази даних успішне!
[2025-05-21 02:10:02] Платіж створено, redirectUri: https://secure.payu.com/pay/?orderId=FDR9W88PBR250521GUEST000P01&token=eyJhbGciOiJIUzI1NiJ9.eyJvcmRlcklkIjoiRkRSOVc4OFBCUjI1MDUyMUdVRVNUMDAwUDAxIiwicG9zSWQiOiJNWHBwekptZCIsImF1dGhvcml0aWVzIjpbIlJPTEVfQ0xJRU5UIl0sInBheWVyRW1haWwiOiJ0ZXN0NUBnbWFpbC5jb20iLCJleHAiOjE3NDc4NzI2MDIsImlzcyI6IlBBWVUiLCJhdWQiOiJhcGktZ2F0ZXdheSIsInN1YiI6IlBheVUgc3ViamVjdCIsImp0aSI6IjEzNzI3MmMxLTY1ZjctNDZhYS05ZWJjLTE4MTA1NTFlYWExZCJ9.fAjNXfZ2VNgg6-iiMVTlFmjTK0bsbyK2OsPXTewG-2k
[2025-05-21 02:10:08] Підключення до бази даних успішне!
[2025-05-21 02:10:08] Отримуємо знижки для type: office-cleaning
[2025-05-21 02:10:09] Знайдено знижок: 0
[2025-05-21 02:10:09] Підключення до бази даних успішне!
[2025-05-21 02:10:09] Отримуємо промокоди, знайдено: 4
